The target system is: ESP_IDF - 3.2 - xtensa_esp32
The host system is: Linux - 4.4.0-19041-Microsoft - x86_64
Compiling the C compiler identification source file "CMakeCCompilerId.c" succeeded.
Compiler: /root/.espressif/tools/xtensa-esp32-elf/esp-2020r3-8.4.0/xtensa-esp32-elf/bin/xtensa-esp32-elf-gcc 
Build flags: -Og;-ggdb;-ffunction-sections;-fdata-sections;-fstrict-volatile-bitfields;-mlongcalls;-nostdlib;-DWITH_POSIX;-DMBEDTLS_CONFIG_FILE='"mbedtls/esp_config.h"';-DHAVE_CONFIG_H;;-g;-pipe;-fvisibility=hidden;-fPIC
Id flags:  

The output was:
0
/root/.espressif/tools/xtensa-esp32-elf/esp-2020r3-8.4.0/xtensa-esp32-elf/bin/../lib/gcc/xtensa-esp32-elf/8.4.0/../../../../xtensa-esp32-elf/bin/ld: warning: cannot find entry symbol _start; defaulting to 0000000000400074


Compilation of the C compiler identification source "CMakeCCompilerId.c" produced "a.out"

The C compiler identification is GNU, found in "/mnt/c/Users/tjmoo/AtomVM/src/platforms/esp32/build/libatomvm/CMakeFiles/3.16.3/CompilerIdC/a.out"

Compiling the CXX compiler identification source file "CMakeCXXCompilerId.cpp" succeeded.
Compiler: /root/.espressif/tools/xtensa-esp32-elf/esp-2020r3-8.4.0/xtensa-esp32-elf/bin/xtensa-esp32-elf-c++ 
Build flags: -std=gnu++11;-Og;-ggdb;-Wno-frame-address;-ffunction-sections;-fdata-sections;-fstrict-volatile-bitfields;-mlongcalls;-nostdlib;-Wall;-Werror=all;-Wno-error=unused-function;-Wno-error=unused-but-set-variable;-Wno-error=unused-variable;-Wno-error=deprecated-declarations;-Wextra;-Wno-unused-parameter;-Wno-sign-compare;-fno-exceptions;-fno-rtti
Id flags:  

The output was:
0
/root/.espressif/tools/xtensa-esp32-elf/esp-2020r3-8.4.0/xtensa-esp32-elf/bin/../lib/gcc/xtensa-esp32-elf/8.4.0/../../../../xtensa-esp32-elf/bin/ld: warning: cannot find entry symbol _start; defaulting to 0000000000400074


Compilation of the CXX compiler identification source "CMakeCXXCompilerId.cpp" produced "a.out"

The CXX compiler identification is GNU, found in "/mnt/c/Users/tjmoo/AtomVM/src/platforms/esp32/build/libatomvm/CMakeFiles/3.16.3/CompilerIdCXX/a.out"

Determining if the C compiler works passed with the following output:
Change Dir: /mnt/c/Users/tjmoo/AtomVM/src/platforms/esp32/build/libatomvm/CMakeFiles/CMakeTmp

Run Build Command(s):/usr/bin/make cmTC_6f189/fast && make[2]: Entering directory '/mnt/c/Users/tjmoo/AtomVM/src/platforms/esp32/build/libatomvm/CMakeFiles/CMakeTmp'
/usr/bin/make -f CMakeFiles/cmTC_6f189.dir/build.make CMakeFiles/cmTC_6f189.dir/build
make[3]: Entering directory '/mnt/c/Users/tjmoo/AtomVM/src/platforms/esp32/build/libatomvm/CMakeFiles/CMakeTmp'
Building C object CMakeFiles/cmTC_6f189.dir/testCCompiler.c.obj
/root/.espressif/tools/xtensa-esp32-elf/esp-2020r3-8.4.0/xtensa-esp32-elf/bin/xtensa-esp32-elf-gcc  -I/root/esp-idf/components/app_trace/include -I/root/esp-idf/components/app_update/include -I/root/esp-idf/components/asio/asio/asio/include -I/root/esp-idf/components/asio/port/include -I/root/esp-idf/components/bootloader_support/include -I/root/esp-idf/components/bt/include -I/root/esp-idf/components/cbor/port/include -I/root/esp-idf/components/cmock/include -I/root/esp-idf/components/coap/port/include -I/root/esp-idf/components/coap/port/include/coap -I/root/esp-idf/components/coap/libcoap/include -I/root/esp-idf/components/coap/libcoap/include/coap2 -I/root/esp-idf/components/console -I/root/esp-idf/components/driver/include -I/root/esp-idf/components/driver/esp32/include -I/root/esp-idf/components/driver/esp32/include/driver -I/root/esp-idf/components/efuse/include -I/root/esp-idf/components/efuse/esp32/include -I/root/esp-idf/components/esp-tls -I/root/esp-idf/components/esp-tls/esp-tls-crypto -I/root/esp-idf/components/esp-tls/private_include -I/root/esp-idf/components/esp32/include -I/root/esp-idf/components/esp_adc_cal/include -I/root/esp-idf/components/esp_common/include -I/root/esp-idf/components/esp_eth/include -I/root/esp-idf/components/esp_event/include -I/root/esp-idf/components/esp_gdbstub/include -I/root/esp-idf/components/esp_hid/include -I/root/esp-idf/components/esp_http_client/include -I/root/esp-idf/components/esp_http_server/include -I/root/esp-idf/components/esp_https_ota/include -I/root/esp-idf/components/esp_hw_support -I/root/esp-idf/components/esp_hw_support/include -I/root/esp-idf/components/esp_hw_support/include/soc -I/root/esp-idf/components/esp_hw_support/port/esp32/private_include -I/root/esp-idf/components/esp_ipc/include -I/root/esp-idf/components/esp_local_ctrl/include -I/root/esp-idf/components/esp_netif/include -I/root/esp-idf/components/esp_pm/include -I/root/esp-idf/components/esp_ringbuf/include -I/root/esp-idf/components/esp_rom/include -I/root/esp-idf/components/esp_rom/esp32 -I/root/esp-idf/components/esp_serial_slave_link/include -I/root/esp-idf/components/esp_system/include -I/root/esp-idf/components/esp_system/port/public_compat -I/root/esp-idf/components/esp_timer/include -I/root/esp-idf/components/esp_websocket_client/include -I/root/esp-idf/components/esp_wifi/include -I/root/esp-idf/components/esp_wifi/esp32/include -I/root/esp-idf/components/espcoredump/include -I/root/esp-idf/components/espcoredump/include/port/xtensa -I/root/esp-idf/components/expat/expat/expat/lib -I/root/esp-idf/components/expat/port/include -I/root/esp-idf/components/fatfs/diskio -I/root/esp-idf/components/fatfs/vfs -I/root/esp-idf/components/fatfs/src -I/root/esp-idf/components/freemodbus/common/include -I/root/esp-idf/components/freertos/include -I/root/esp-idf/components/freertos/port/xtensa/include -I/root/esp-idf/components/hal/esp32/include -I/root/esp-idf/components/hal/include -I/root/esp-idf/components/heap/include -I/root/esp-idf/components/idf_test/include -I/root/esp-idf/components/idf_test/include/esp32 -I/root/esp-idf/components/jsmn/include -I/root/esp-idf/components/json/cJSON -I/mnt/c/Users/tjmoo/AtomVM/src/libAtomVM -I/root/esp-idf/components/libsodium/libsodium/src/libsodium/include -I/root/esp-idf/components/libsodium/port_include -I/root/esp-idf/components/log/include -I/root/esp-idf/components/lwip/include/apps -I/root/esp-idf/components/lwip/include/apps/sntp -I/root/esp-idf/components/lwip/lwip/src/include -I/root/esp-idf/components/lwip/port/esp32/include -I/root/esp-idf/components/lwip/port/esp32/include/arch -I/mnt/c/Users/tjmoo/AtomVM/src/platforms/esp32/main/include -I/root/esp-idf/components/mbedtls/port/include -I/root/esp-idf/components/mbedtls/mbedtls/include -I/root/esp-idf/components/mbedtls/esp_crt_bundle/include -I/root/esp-idf/components/mdns/include -I/root/esp-idf/components/mqtt/esp-mqtt/include -I/root/esp-idf/components/newlib/platform_include -I/root/esp-idf/components/nghttp/port/include -I/root/esp-idf/components/nghttp/nghttp2/lib/includes -I/root/esp-idf/components/nvs_flash/include -I/root/esp-idf/components/openssl/include -I/root/esp-idf/components/openthread/include -I/root/esp-idf/components/perfmon/include -I/root/esp-idf/components/protobuf-c/protobuf-c -I/root/esp-idf/components/protocomm/include/common -I/root/esp-idf/components/protocomm/include/security -I/root/esp-idf/components/protocomm/include/transports -I/root/esp-idf/components/pthread/include -I/root/esp-idf/components/sdmmc/include -I/root/esp-idf/components/soc/include -I/root/esp-idf/components/soc/esp32 -I/root/esp-idf/components/soc/esp32/include -I/root/esp-idf/components/spi_flash/include -I/root/esp-idf/components/spiffs/include -I/root/esp-idf/components/tcp_transport/include -I/root/esp-idf/components/tcpip_adapter/include -I/root/esp-idf/components/ulp/include -I/root/esp-idf/components/unity/include -I/root/esp-idf/components/unity/unity/src -I/root/esp-idf/components/vfs/include -I/root/esp-idf/components/wear_levelling/include -I/root/esp-idf/components/wifi_provisioning/include -I/root/esp-idf/components/wpa_supplicant/include -I/root/esp-idf/components/wpa_supplicant/port/include -I/root/esp-idf/components/wpa_supplicant/include/esp_supplicant -I/root/esp-idf/components/wpa_supplicant/src/utils -I/root/esp-idf/components/xtensa/include -I/root/esp-idf/components/xtensa/esp32/include -I/mnt/c/Users/tjmoo/AtomVM/src/platforms/esp32/build/include -I/mnt/c/Users/tjmoo/AtomVM/src/platforms/esp32/build/libatomvm/CMakeFiles/CMakeTmp/../../../../libAtomVM -I/root/esp-idf/components/lwip/include/lwip/posix  -Og -ggdb -ffunction-sections -fdata-sections -fstrict-volatile-bitfields -mlongcalls -nostdlib -DWITH_POSIX -DMBEDTLS_CONFIG_FILE='"mbedtls/esp_config.h"' -DHAVE_CONFIG_H  -g -pipe -fvisibility=hidden -fPIC    -o CMakeFiles/cmTC_6f189.dir/testCCompiler.c.obj   -c /mnt/c/Users/tjmoo/AtomVM/src/platforms/esp32/build/libatomvm/CMakeFiles/CMakeTmp/testCCompiler.c
Linking C executable cmTC_6f189
/usr/bin/cmake -E cmake_link_script CMakeFiles/cmTC_6f189.dir/link.txt --verbose=1
/root/.espressif/tools/xtensa-esp32-elf/esp-2020r3-8.4.0/xtensa-esp32-elf/bin/xtensa-esp32-elf-gcc -Og -ggdb -ffunction-sections -fdata-sections -fstrict-volatile-bitfields -mlongcalls -nostdlib -DWITH_POSIX -DMBEDTLS_CONFIG_FILE='"mbedtls/esp_config.h"' -DHAVE_CONFIG_H  -g -pipe -fvisibility=hidden -fPIC     CMakeFiles/cmTC_6f189.dir/testCCompiler.c.obj  -o cmTC_6f189 
/root/.espressif/tools/xtensa-esp32-elf/esp-2020r3-8.4.0/xtensa-esp32-elf/bin/../lib/gcc/xtensa-esp32-elf/8.4.0/../../../../xtensa-esp32-elf/bin/ld: warning: cannot find entry symbol _start; defaulting to 0000000000400054
make[3]: Leaving directory '/mnt/c/Users/tjmoo/AtomVM/src/platforms/esp32/build/libatomvm/CMakeFiles/CMakeTmp'
make[2]: Leaving directory '/mnt/c/Users/tjmoo/AtomVM/src/platforms/esp32/build/libatomvm/CMakeFiles/CMakeTmp'



Detecting C compiler ABI info compiled with the following output:
Change Dir: /mnt/c/Users/tjmoo/AtomVM/src/platforms/esp32/build/libatomvm/CMakeFiles/CMakeTmp

Run Build Command(s):/usr/bin/make cmTC_9e49d/fast && make[2]: Entering directory '/mnt/c/Users/tjmoo/AtomVM/src/platforms/esp32/build/libatomvm/CMakeFiles/CMakeTmp'
/usr/bin/make -f CMakeFiles/cmTC_9e49d.dir/build.make CMakeFiles/cmTC_9e49d.dir/build
make[3]: Entering directory '/mnt/c/Users/tjmoo/AtomVM/src/platforms/esp32/build/libatomvm/CMakeFiles/CMakeTmp'
Building C object CMakeFiles/cmTC_9e49d.dir/CMakeCCompilerABI.c.obj
/root/.espressif/tools/xtensa-esp32-elf/esp-2020r3-8.4.0/xtensa-esp32-elf/bin/xtensa-esp32-elf-gcc   -Og -ggdb -ffunction-sections -fdata-sections -fstrict-volatile-bitfields -mlongcalls -nostdlib -DWITH_POSIX -DMBEDTLS_CONFIG_FILE='"mbedtls/esp_config.h"' -DHAVE_CONFIG_H  -g -pipe -fvisibility=hidden -fPIC    -v -o CMakeFiles/cmTC_9e49d.dir/CMakeCCompilerABI.c.obj   -c /usr/share/cmake-3.16/Modules/CMakeCCompilerABI.c
Using built-in specs.
COLLECT_GCC=/root/.espressif/tools/xtensa-esp32-elf/esp-2020r3-8.4.0/xtensa-esp32-elf/bin/xtensa-esp32-elf-gcc
Target: xtensa-esp32-elf
Configured with: /builds/idf/crosstool-NG/.build/xtensa-esp32-elf/src/gcc/configure --build=x86_64-build_pc-linux-gnu --host=x86_64-build_pc-linux-gnu --target=xtensa-esp32-elf --prefix=/builds/idf/crosstool-NG/builds/xtensa-esp32-elf --with-local-prefix=/builds/idf/crosstool-NG/builds/xtensa-esp32-elf/xtensa-esp32-elf --with-headers=/builds/idf/crosstool-NG/builds/xtensa-esp32-elf/xtensa-esp32-elf/include --with-newlib --enable-threads=no --disable-shared --with-pkgversion='crosstool-NG esp-2020r3' --disable-__cxa_atexit --enable-cxx-flags=-ffunction-sections --disable-libgomp --disable-libmudflap --disable-libmpx --disable-libssp --disable-libquadmath --disable-libquadmath-support --with-gmp=/builds/idf/crosstool-NG/.build/xtensa-esp32-elf/buildtools --with-mpfr=/builds/idf/crosstool-NG/.build/xtensa-esp32-elf/buildtools --with-mpc=/builds/idf/crosstool-NG/.build/xtensa-esp32-elf/buildtools --with-isl=/builds/idf/crosstool-NG/.build/xtensa-esp32-elf/buildtools --enable-lto --enable-target-optspace --without-long-double-128 --disable-nls --enable-multiarch --enable-languages=c,c++ --disable-libstdcxx-verbose --enable-threads=posix --enable-gcov-custom-rtio --enable-libstdcxx-time=yes
Thread model: posix
gcc version 8.4.0 (crosstool-NG esp-2020r3) 
COLLECT_GCC_OPTIONS='-Og' '-ggdb' '-ffunction-sections' '-fdata-sections' '-fstrict-volatile-bitfields' '-mlongcalls' '-nostdlib' '-D' 'WITH_POSIX' '-D' 'MBEDTLS_CONFIG_FILE="mbedtls/esp_config.h"' '-D' 'HAVE_CONFIG_H' '-g' '-pipe' '-fvisibility=hidden' '-fPIC' '-v' '-o' 'CMakeFiles/cmTC_9e49d.dir/CMakeCCompilerABI.c.obj' '-c'
 /root/.espressif/tools/xtensa-esp32-elf/esp-2020r3-8.4.0/xtensa-esp32-elf/bin/../libexec/gcc/xtensa-esp32-elf/8.4.0/cc1 -quiet -v -iprefix /root/.espressif/tools/xtensa-esp32-elf/esp-2020r3-8.4.0/xtensa-esp32-elf/bin/../lib/gcc/xtensa-esp32-elf/8.4.0/ -D WITH_POSIX -D MBEDTLS_CONFIG_FILE="mbedtls/esp_config.h" -D HAVE_CONFIG_H /usr/share/cmake-3.16/Modules/CMakeCCompilerABI.c -quiet -dumpbase CMakeCCompilerABI.c -mlongcalls -auxbase-strip CMakeFiles/cmTC_9e49d.dir/CMakeCCompilerABI.c.obj -ggdb -g -Og -version -ffunction-sections -fdata-sections -fstrict-volatile-bitfields -fvisibility=hidden -fPIC -o - |
 /root/.espressif/tools/xtensa-esp32-elf/esp-2020r3-8.4.0/xtensa-esp32-elf/bin/../lib/gcc/xtensa-esp32-elf/8.4.0/../../../../xtensa-esp32-elf/bin/as --traditional-format --longcalls -o CMakeFiles/cmTC_9e49d.dir/CMakeCCompilerABI.c.obj
GNU C17 (crosstool-NG esp-2020r3) version 8.4.0 (xtensa-esp32-elf)
	compiled by GNU C version 4.9.2, GMP version 6.1.2, MPFR version 4.0.1, MPC version 1.1.0, isl version isl-0.19-GMP

GGC heuristics: --param ggc-min-expand=100 --param ggc-min-heapsize=131072
ignoring duplicate directory "/root/.espressif/tools/xtensa-esp32-elf/esp-2020r3-8.4.0/xtensa-esp32-elf/bin/../lib/gcc/../../lib/gcc/xtensa-esp32-elf/8.4.0/include"
ignoring duplicate directory "/root/.espressif/tools/xtensa-esp32-elf/esp-2020r3-8.4.0/xtensa-esp32-elf/bin/../lib/gcc/../../lib/gcc/xtensa-esp32-elf/8.4.0/include-fixed"
ignoring duplicate directory "/root/.espressif/tools/xtensa-esp32-elf/esp-2020r3-8.4.0/xtensa-esp32-elf/bin/../lib/gcc/../../lib/gcc/xtensa-esp32-elf/8.4.0/../../../../xtensa-esp32-elf/sys-include"
ignoring duplicate directory "/root/.espressif/tools/xtensa-esp32-elf/esp-2020r3-8.4.0/xtensa-esp32-elf/bin/../lib/gcc/../../lib/gcc/xtensa-esp32-elf/8.4.0/../../../../xtensa-esp32-elf/include"
#include "..." search starts here:
#include <...> search starts here:
 /root/.espressif/tools/xtensa-esp32-elf/esp-2020r3-8.4.0/xtensa-esp32-elf/bin/../lib/gcc/xtensa-esp32-elf/8.4.0/include
 /root/.espressif/tools/xtensa-esp32-elf/esp-2020r3-8.4.0/xtensa-esp32-elf/bin/../lib/gcc/xtensa-esp32-elf/8.4.0/include-fixed
 /root/.espressif/tools/xtensa-esp32-elf/esp-2020r3-8.4.0/xtensa-esp32-elf/bin/../lib/gcc/xtensa-esp32-elf/8.4.0/../../../../xtensa-esp32-elf/sys-include
 /root/.espressif/tools/xtensa-esp32-elf/esp-2020r3-8.4.0/xtensa-esp32-elf/bin/../lib/gcc/xtensa-esp32-elf/8.4.0/../../../../xtensa-esp32-elf/include
End of search list.
GNU C17 (crosstool-NG esp-2020r3) version 8.4.0 (xtensa-esp32-elf)
	compiled by GNU C version 4.9.2, GMP version 6.1.2, MPFR version 4.0.1, MPC version 1.1.0, isl version isl-0.19-GMP

GGC heuristics: --param ggc-min-expand=100 --param ggc-min-heapsize=131072
Compiler executable checksum: 30a273f5c2e3bc492245d1974b5e7b3d
COMPILER_PATH=/root/.espressif/tools/xtensa-esp32-elf/esp-2020r3-8.4.0/xtensa-esp32-elf/bin/../libexec/gcc/xtensa-esp32-elf/8.4.0/:/root/.espressif/tools/xtensa-esp32-elf/esp-2020r3-8.4.0/xtensa-esp32-elf/bin/../libexec/gcc/:/root/.espressif/tools/xtensa-esp32-elf/esp-2020r3-8.4.0/xtensa-esp32-elf/bin/../lib/gcc/xtensa-esp32-elf/8.4.0/../../../../xtensa-esp32-elf/bin/
LIBRARY_PATH=/root/.espressif/tools/xtensa-esp32-elf/esp-2020r3-8.4.0/xtensa-esp32-elf/bin/../lib/gcc/xtensa-esp32-elf/8.4.0/:/root/.espressif/tools/xtensa-esp32-elf/esp-2020r3-8.4.0/xtensa-esp32-elf/bin/../lib/gcc/:/root/.espressif/tools/xtensa-esp32-elf/esp-2020r3-8.4.0/xtensa-esp32-elf/bin/../lib/gcc/xtensa-esp32-elf/8.4.0/../../../../xtensa-esp32-elf/lib/
COLLECT_GCC_OPTIONS='-Og' '-ggdb' '-ffunction-sections' '-fdata-sections' '-fstrict-volatile-bitfields' '-mlongcalls' '-nostdlib' '-D' 'WITH_POSIX' '-D' 'MBEDTLS_CONFIG_FILE="mbedtls/esp_config.h"' '-D' 'HAVE_CONFIG_H' '-g' '-pipe' '-fvisibility=hidden' '-fPIC' '-v' '-o' 'CMakeFiles/cmTC_9e49d.dir/CMakeCCompilerABI.c.obj' '-c'
Linking C executable cmTC_9e49d
/usr/bin/cmake -E cmake_link_script CMakeFiles/cmTC_9e49d.dir/link.txt --verbose=1
/root/.espressif/tools/xtensa-esp32-elf/esp-2020r3-8.4.0/xtensa-esp32-elf/bin/xtensa-esp32-elf-gcc -Og -ggdb -ffunction-sections -fdata-sections -fstrict-volatile-bitfields -mlongcalls -nostdlib -DWITH_POSIX -DMBEDTLS_CONFIG_FILE='"mbedtls/esp_config.h"' -DHAVE_CONFIG_H  -g -pipe -fvisibility=hidden -fPIC    -v CMakeFiles/cmTC_9e49d.dir/CMakeCCompilerABI.c.obj  -o cmTC_9e49d 
Using built-in specs.
COLLECT_GCC=/root/.espressif/tools/xtensa-esp32-elf/esp-2020r3-8.4.0/xtensa-esp32-elf/bin/xtensa-esp32-elf-gcc
COLLECT_LTO_WRAPPER=/root/.espressif/tools/xtensa-esp32-elf/esp-2020r3-8.4.0/xtensa-esp32-elf/bin/../libexec/gcc/xtensa-esp32-elf/8.4.0/lto-wrapper
Target: xtensa-esp32-elf
Configured with: /builds/idf/crosstool-NG/.build/xtensa-esp32-elf/src/gcc/configure --build=x86_64-build_pc-linux-gnu --host=x86_64-build_pc-linux-gnu --target=xtensa-esp32-elf --prefix=/builds/idf/crosstool-NG/builds/xtensa-esp32-elf --with-local-prefix=/builds/idf/crosstool-NG/builds/xtensa-esp32-elf/xtensa-esp32-elf --with-headers=/builds/idf/crosstool-NG/builds/xtensa-esp32-elf/xtensa-esp32-elf/include --with-newlib --enable-threads=no --disable-shared --with-pkgversion='crosstool-NG esp-2020r3' --disable-__cxa_atexit --enable-cxx-flags=-ffunction-sections --disable-libgomp --disable-libmudflap --disable-libmpx --disable-libssp --disable-libquadmath --disable-libquadmath-support --with-gmp=/builds/idf/crosstool-NG/.build/xtensa-esp32-elf/buildtools --with-mpfr=/builds/idf/crosstool-NG/.build/xtensa-esp32-elf/buildtools --with-mpc=/builds/idf/crosstool-NG/.build/xtensa-esp32-elf/buildtools --with-isl=/builds/idf/crosstool-NG/.build/xtensa-esp32-elf/buildtools --enable-lto --enable-target-optspace --without-long-double-128 --disable-nls --enable-multiarch --enable-languages=c,c++ --disable-libstdcxx-verbose --enable-threads=posix --enable-gcov-custom-rtio --enable-libstdcxx-time=yes
Thread model: posix
gcc version 8.4.0 (crosstool-NG esp-2020r3) 
COMPILER_PATH=/root/.espressif/tools/xtensa-esp32-elf/esp-2020r3-8.4.0/xtensa-esp32-elf/bin/../libexec/gcc/xtensa-esp32-elf/8.4.0/:/root/.espressif/tools/xtensa-esp32-elf/esp-2020r3-8.4.0/xtensa-esp32-elf/bin/../libexec/gcc/:/root/.espressif/tools/xtensa-esp32-elf/esp-2020r3-8.4.0/xtensa-esp32-elf/bin/../lib/gcc/xtensa-esp32-elf/8.4.0/../../../../xtensa-esp32-elf/bin/
LIBRARY_PATH=/root/.espressif/tools/xtensa-esp32-elf/esp-2020r3-8.4.0/xtensa-esp32-elf/bin/../lib/gcc/xtensa-esp32-elf/8.4.0/:/root/.espressif/tools/xtensa-esp32-elf/esp-2020r3-8.4.0/xtensa-esp32-elf/bin/../lib/gcc/:/root/.espressif/tools/xtensa-esp32-elf/esp-2020r3-8.4.0/xtensa-esp32-elf/bin/../lib/gcc/xtensa-esp32-elf/8.4.0/../../../../xtensa-esp32-elf/lib/
COLLECT_GCC_OPTIONS='-Og' '-ggdb' '-ffunction-sections' '-fdata-sections' '-fstrict-volatile-bitfields' '-mlongcalls' '-nostdlib' '-D' 'WITH_POSIX' '-D' 'MBEDTLS_CONFIG_FILE="mbedtls/esp_config.h"' '-D' 'HAVE_CONFIG_H' '-g' '-pipe' '-fvisibility=hidden' '-fPIC' '-v' '-o' 'cmTC_9e49d'
 /root/.espressif/tools/xtensa-esp32-elf/esp-2020r3-8.4.0/xtensa-esp32-elf/bin/../libexec/gcc/xtensa-esp32-elf/8.4.0/collect2 -plugin /root/.espressif/tools/xtensa-esp32-elf/esp-2020r3-8.4.0/xtensa-esp32-elf/bin/../libexec/gcc/xtensa-esp32-elf/8.4.0/liblto_plugin.so -plugin-opt=/root/.espressif/tools/xtensa-esp32-elf/esp-2020r3-8.4.0/xtensa-esp32-elf/bin/../libexec/gcc/xtensa-esp32-elf/8.4.0/lto-wrapper -plugin-opt=-fresolution=/tmp/ccBY9L2F.res -o cmTC_9e49d -L/root/.espressif/tools/xtensa-esp32-elf/esp-2020r3-8.4.0/xtensa-esp32-elf/bin/../lib/gcc/xtensa-esp32-elf/8.4.0 -L/root/.espressif/tools/xtensa-esp32-elf/esp-2020r3-8.4.0/xtensa-esp32-elf/bin/../lib/gcc -L/root/.espressif/tools/xtensa-esp32-elf/esp-2020r3-8.4.0/xtensa-esp32-elf/bin/../lib/gcc/xtensa-esp32-elf/8.4.0/../../../../xtensa-esp32-elf/lib CMakeFiles/cmTC_9e49d.dir/CMakeCCompilerABI.c.obj
/root/.espressif/tools/xtensa-esp32-elf/esp-2020r3-8.4.0/xtensa-esp32-elf/bin/../lib/gcc/xtensa-esp32-elf/8.4.0/../../../../xtensa-esp32-elf/bin/ld: warning: cannot find entry symbol _start; defaulting to 0000000000400054
COLLECT_GCC_OPTIONS='-Og' '-ggdb' '-ffunction-sections' '-fdata-sections' '-fstrict-volatile-bitfields' '-mlongcalls' '-nostdlib' '-D' 'WITH_POSIX' '-D' 'MBEDTLS_CONFIG_FILE="mbedtls/esp_config.h"' '-D' 'HAVE_CONFIG_H' '-g' '-pipe' '-fvisibility=hidden' '-fPIC' '-v' '-o' 'cmTC_9e49d'
make[3]: Leaving directory '/mnt/c/Users/tjmoo/AtomVM/src/platforms/esp32/build/libatomvm/CMakeFiles/CMakeTmp'
make[2]: Leaving directory '/mnt/c/Users/tjmoo/AtomVM/src/platforms/esp32/build/libatomvm/CMakeFiles/CMakeTmp'



Parsed C implicit include dir info from above output: rv=done
  found start of include info
  found start of implicit include info
    add: [/root/.espressif/tools/xtensa-esp32-elf/esp-2020r3-8.4.0/xtensa-esp32-elf/bin/../lib/gcc/xtensa-esp32-elf/8.4.0/include]
    add: [/root/.espressif/tools/xtensa-esp32-elf/esp-2020r3-8.4.0/xtensa-esp32-elf/bin/../lib/gcc/xtensa-esp32-elf/8.4.0/include-fixed]
    add: [/root/.espressif/tools/xtensa-esp32-elf/esp-2020r3-8.4.0/xtensa-esp32-elf/bin/../lib/gcc/xtensa-esp32-elf/8.4.0/../../../../xtensa-esp32-elf/sys-include]
    add: [/root/.espressif/tools/xtensa-esp32-elf/esp-2020r3-8.4.0/xtensa-esp32-elf/bin/../lib/gcc/xtensa-esp32-elf/8.4.0/../../../../xtensa-esp32-elf/include]
  end of search list found
  collapse include dir [/root/.espressif/tools/xtensa-esp32-elf/esp-2020r3-8.4.0/xtensa-esp32-elf/bin/../lib/gcc/xtensa-esp32-elf/8.4.0/include] ==> [/root/.espressif/tools/xtensa-esp32-elf/esp-2020r3-8.4.0/xtensa-esp32-elf/lib/gcc/xtensa-esp32-elf/8.4.0/include]
  collapse include dir [/root/.espressif/tools/xtensa-esp32-elf/esp-2020r3-8.4.0/xtensa-esp32-elf/bin/../lib/gcc/xtensa-esp32-elf/8.4.0/include-fixed] ==> [/root/.espressif/tools/xtensa-esp32-elf/esp-2020r3-8.4.0/xtensa-esp32-elf/lib/gcc/xtensa-esp32-elf/8.4.0/include-fixed]
  collapse include dir [/root/.espressif/tools/xtensa-esp32-elf/esp-2020r3-8.4.0/xtensa-esp32-elf/bin/../lib/gcc/xtensa-esp32-elf/8.4.0/../../../../xtensa-esp32-elf/sys-include] ==> [/root/.espressif/tools/xtensa-esp32-elf/esp-2020r3-8.4.0/xtensa-esp32-elf/xtensa-esp32-elf/sys-include]
  collapse include dir [/root/.espressif/tools/xtensa-esp32-elf/esp-2020r3-8.4.0/xtensa-esp32-elf/bin/../lib/gcc/xtensa-esp32-elf/8.4.0/../../../../xtensa-esp32-elf/include] ==> [/root/.espressif/tools/xtensa-esp32-elf/esp-2020r3-8.4.0/xtensa-esp32-elf/xtensa-esp32-elf/include]
  implicit include dirs: [/root/.espressif/tools/xtensa-esp32-elf/esp-2020r3-8.4.0/xtensa-esp32-elf/lib/gcc/xtensa-esp32-elf/8.4.0/include;/root/.espressif/tools/xtensa-esp32-elf/esp-2020r3-8.4.0/xtensa-esp32-elf/lib/gcc/xtensa-esp32-elf/8.4.0/include-fixed;/root/.espressif/tools/xtensa-esp32-elf/esp-2020r3-8.4.0/xtensa-esp32-elf/xtensa-esp32-elf/sys-include;/root/.espressif/tools/xtensa-esp32-elf/esp-2020r3-8.4.0/xtensa-esp32-elf/xtensa-esp32-elf/include]


Parsed C implicit link information from above output:
  link line regex: [^( *|.*[/\])(xtensa-esp32-elf-ld|CMAKE_LINK_STARTFILE-NOTFOUND|([^/\]+-)?ld|collect2)[^/\]*( |$)]
  ignore line: [Change Dir: /mnt/c/Users/tjmoo/AtomVM/src/platforms/esp32/build/libatomvm/CMakeFiles/CMakeTmp]
  ignore line: []
  ignore line: [Run Build Command(s):/usr/bin/make cmTC_9e49d/fast && make[2]: Entering directory '/mnt/c/Users/tjmoo/AtomVM/src/platforms/esp32/build/libatomvm/CMakeFiles/CMakeTmp']
  ignore line: [/usr/bin/make -f CMakeFiles/cmTC_9e49d.dir/build.make CMakeFiles/cmTC_9e49d.dir/build]
  ignore line: [make[3]: Entering directory '/mnt/c/Users/tjmoo/AtomVM/src/platforms/esp32/build/libatomvm/CMakeFiles/CMakeTmp']
  ignore line: [Building C object CMakeFiles/cmTC_9e49d.dir/CMakeCCompilerABI.c.obj]
  ignore line: [/root/.espressif/tools/xtensa-esp32-elf/esp-2020r3-8.4.0/xtensa-esp32-elf/bin/xtensa-esp32-elf-gcc   -Og -ggdb -ffunction-sections -fdata-sections -fstrict-volatile-bitfields -mlongcalls -nostdlib -DWITH_POSIX -DMBEDTLS_CONFIG_FILE='"mbedtls/esp_config.h"' -DHAVE_CONFIG_H  -g -pipe -fvisibility=hidden -fPIC    -v -o CMakeFiles/cmTC_9e49d.dir/CMakeCCompilerABI.c.obj   -c /usr/share/cmake-3.16/Modules/CMakeCCompilerABI.c]
  ignore line: [Using built-in specs.]
  ignore line: [COLLECT_GCC=/root/.espressif/tools/xtensa-esp32-elf/esp-2020r3-8.4.0/xtensa-esp32-elf/bin/xtensa-esp32-elf-gcc]
  ignore line: [Target: xtensa-esp32-elf]
  ignore line: [Configured with: /builds/idf/crosstool-NG/.build/xtensa-esp32-elf/src/gcc/configure --build=x86_64-build_pc-linux-gnu --host=x86_64-build_pc-linux-gnu --target=xtensa-esp32-elf --prefix=/builds/idf/crosstool-NG/builds/xtensa-esp32-elf --with-local-prefix=/builds/idf/crosstool-NG/builds/xtensa-esp32-elf/xtensa-esp32-elf --with-headers=/builds/idf/crosstool-NG/builds/xtensa-esp32-elf/xtensa-esp32-elf/include --with-newlib --enable-threads=no --disable-shared --with-pkgversion='crosstool-NG esp-2020r3' --disable-__cxa_atexit --enable-cxx-flags=-ffunction-sections --disable-libgomp --disable-libmudflap --disable-libmpx --disable-libssp --disable-libquadmath --disable-libquadmath-support --with-gmp=/builds/idf/crosstool-NG/.build/xtensa-esp32-elf/buildtools --with-mpfr=/builds/idf/crosstool-NG/.build/xtensa-esp32-elf/buildtools --with-mpc=/builds/idf/crosstool-NG/.build/xtensa-esp32-elf/buildtools --with-isl=/builds/idf/crosstool-NG/.build/xtensa-esp32-elf/buildtools --enable-lto --enable-target-optspace --without-long-double-128 --disable-nls --enable-multiarch --enable-languages=c c++ --disable-libstdcxx-verbose --enable-threads=posix --enable-gcov-custom-rtio --enable-libstdcxx-time=yes]
  ignore line: [Thread model: posix]
  ignore line: [gcc version 8.4.0 (crosstool-NG esp-2020r3) ]
  ignore line: [COLLECT_GCC_OPTIONS='-Og' '-ggdb' '-ffunction-sections' '-fdata-sections' '-fstrict-volatile-bitfields' '-mlongcalls' '-nostdlib' '-D' 'WITH_POSIX' '-D' 'MBEDTLS_CONFIG_FILE="mbedtls/esp_config.h"' '-D' 'HAVE_CONFIG_H' '-g' '-pipe' '-fvisibility=hidden' '-fPIC' '-v' '-o' 'CMakeFiles/cmTC_9e49d.dir/CMakeCCompilerABI.c.obj' '-c']
  ignore line: [ /root/.espressif/tools/xtensa-esp32-elf/esp-2020r3-8.4.0/xtensa-esp32-elf/bin/../libexec/gcc/xtensa-esp32-elf/8.4.0/cc1 -quiet -v -iprefix /root/.espressif/tools/xtensa-esp32-elf/esp-2020r3-8.4.0/xtensa-esp32-elf/bin/../lib/gcc/xtensa-esp32-elf/8.4.0/ -D WITH_POSIX -D MBEDTLS_CONFIG_FILE="mbedtls/esp_config.h" -D HAVE_CONFIG_H /usr/share/cmake-3.16/Modules/CMakeCCompilerABI.c -quiet -dumpbase CMakeCCompilerABI.c -mlongcalls -auxbase-strip CMakeFiles/cmTC_9e49d.dir/CMakeCCompilerABI.c.obj -ggdb -g -Og -version -ffunction-sections -fdata-sections -fstrict-volatile-bitfields -fvisibility=hidden -fPIC -o - |]
  ignore line: [ /root/.espressif/tools/xtensa-esp32-elf/esp-2020r3-8.4.0/xtensa-esp32-elf/bin/../lib/gcc/xtensa-esp32-elf/8.4.0/../../../../xtensa-esp32-elf/bin/as --traditional-format --longcalls -o CMakeFiles/cmTC_9e49d.dir/CMakeCCompilerABI.c.obj]
  ignore line: [GNU C17 (crosstool-NG esp-2020r3) version 8.4.0 (xtensa-esp32-elf)]
  ignore line: [	compiled by GNU C version 4.9.2  GMP version 6.1.2  MPFR version 4.0.1  MPC version 1.1.0  isl version isl-0.19-GMP]
  ignore line: []
  ignore line: [GGC heuristics: --param ggc-min-expand=100 --param ggc-min-heapsize=131072]
  ignore line: [ignoring duplicate directory "/root/.espressif/tools/xtensa-esp32-elf/esp-2020r3-8.4.0/xtensa-esp32-elf/bin/../lib/gcc/../../lib/gcc/xtensa-esp32-elf/8.4.0/include"]
  ignore line: [ignoring duplicate directory "/root/.espressif/tools/xtensa-esp32-elf/esp-2020r3-8.4.0/xtensa-esp32-elf/bin/../lib/gcc/../../lib/gcc/xtensa-esp32-elf/8.4.0/include-fixed"]
  ignore line: [ignoring duplicate directory "/root/.espressif/tools/xtensa-esp32-elf/esp-2020r3-8.4.0/xtensa-esp32-elf/bin/../lib/gcc/../../lib/gcc/xtensa-esp32-elf/8.4.0/../../../../xtensa-esp32-elf/sys-include"]
  ignore line: [ignoring duplicate directory "/root/.espressif/tools/xtensa-esp32-elf/esp-2020r3-8.4.0/xtensa-esp32-elf/bin/../lib/gcc/../../lib/gcc/xtensa-esp32-elf/8.4.0/../../../../xtensa-esp32-elf/include"]
  ignore line: [#include "..." search starts here:]
  ignore line: [#include <...> search starts here:]
  ignore line: [ /root/.espressif/tools/xtensa-esp32-elf/esp-2020r3-8.4.0/xtensa-esp32-elf/bin/../lib/gcc/xtensa-esp32-elf/8.4.0/include]
  ignore line: [ /root/.espressif/tools/xtensa-esp32-elf/esp-2020r3-8.4.0/xtensa-esp32-elf/bin/../lib/gcc/xtensa-esp32-elf/8.4.0/include-fixed]
  ignore line: [ /root/.espressif/tools/xtensa-esp32-elf/esp-2020r3-8.4.0/xtensa-esp32-elf/bin/../lib/gcc/xtensa-esp32-elf/8.4.0/../../../../xtensa-esp32-elf/sys-include]
  ignore line: [ /root/.espressif/tools/xtensa-esp32-elf/esp-2020r3-8.4.0/xtensa-esp32-elf/bin/../lib/gcc/xtensa-esp32-elf/8.4.0/../../../../xtensa-esp32-elf/include]
  ignore line: [End of search list.]
  ignore line: [GNU C17 (crosstool-NG esp-2020r3) version 8.4.0 (xtensa-esp32-elf)]
  ignore line: [	compiled by GNU C version 4.9.2  GMP version 6.1.2  MPFR version 4.0.1  MPC version 1.1.0  isl version isl-0.19-GMP]
  ignore line: []
  ignore line: [GGC heuristics: --param ggc-min-expand=100 --param ggc-min-heapsize=131072]
  ignore line: [Compiler executable checksum: 30a273f5c2e3bc492245d1974b5e7b3d]
  ignore line: [COMPILER_PATH=/root/.espressif/tools/xtensa-esp32-elf/esp-2020r3-8.4.0/xtensa-esp32-elf/bin/../libexec/gcc/xtensa-esp32-elf/8.4.0/:/root/.espressif/tools/xtensa-esp32-elf/esp-2020r3-8.4.0/xtensa-esp32-elf/bin/../libexec/gcc/:/root/.espressif/tools/xtensa-esp32-elf/esp-2020r3-8.4.0/xtensa-esp32-elf/bin/../lib/gcc/xtensa-esp32-elf/8.4.0/../../../../xtensa-esp32-elf/bin/]
  ignore line: [LIBRARY_PATH=/root/.espressif/tools/xtensa-esp32-elf/esp-2020r3-8.4.0/xtensa-esp32-elf/bin/../lib/gcc/xtensa-esp32-elf/8.4.0/:/root/.espressif/tools/xtensa-esp32-elf/esp-2020r3-8.4.0/xtensa-esp32-elf/bin/../lib/gcc/:/root/.espressif/tools/xtensa-esp32-elf/esp-2020r3-8.4.0/xtensa-esp32-elf/bin/../lib/gcc/xtensa-esp32-elf/8.4.0/../../../../xtensa-esp32-elf/lib/]
  ignore line: [COLLECT_GCC_OPTIONS='-Og' '-ggdb' '-ffunction-sections' '-fdata-sections' '-fstrict-volatile-bitfields' '-mlongcalls' '-nostdlib' '-D' 'WITH_POSIX' '-D' 'MBEDTLS_CONFIG_FILE="mbedtls/esp_config.h"' '-D' 'HAVE_CONFIG_H' '-g' '-pipe' '-fvisibility=hidden' '-fPIC' '-v' '-o' 'CMakeFiles/cmTC_9e49d.dir/CMakeCCompilerABI.c.obj' '-c']
  ignore line: [Linking C executable cmTC_9e49d]
  ignore line: [/usr/bin/cmake -E cmake_link_script CMakeFiles/cmTC_9e49d.dir/link.txt --verbose=1]
  ignore line: [/root/.espressif/tools/xtensa-esp32-elf/esp-2020r3-8.4.0/xtensa-esp32-elf/bin/xtensa-esp32-elf-gcc -Og -ggdb -ffunction-sections -fdata-sections -fstrict-volatile-bitfields -mlongcalls -nostdlib -DWITH_POSIX -DMBEDTLS_CONFIG_FILE='"mbedtls/esp_config.h"' -DHAVE_CONFIG_H  -g -pipe -fvisibility=hidden -fPIC    -v CMakeFiles/cmTC_9e49d.dir/CMakeCCompilerABI.c.obj  -o cmTC_9e49d ]
  ignore line: [Using built-in specs.]
  ignore line: [COLLECT_GCC=/root/.espressif/tools/xtensa-esp32-elf/esp-2020r3-8.4.0/xtensa-esp32-elf/bin/xtensa-esp32-elf-gcc]
  ignore line: [COLLECT_LTO_WRAPPER=/root/.espressif/tools/xtensa-esp32-elf/esp-2020r3-8.4.0/xtensa-esp32-elf/bin/../libexec/gcc/xtensa-esp32-elf/8.4.0/lto-wrapper]
  ignore line: [Target: xtensa-esp32-elf]
  ignore line: [Configured with: /builds/idf/crosstool-NG/.build/xtensa-esp32-elf/src/gcc/configure --build=x86_64-build_pc-linux-gnu --host=x86_64-build_pc-linux-gnu --target=xtensa-esp32-elf --prefix=/builds/idf/crosstool-NG/builds/xtensa-esp32-elf --with-local-prefix=/builds/idf/crosstool-NG/builds/xtensa-esp32-elf/xtensa-esp32-elf --with-headers=/builds/idf/crosstool-NG/builds/xtensa-esp32-elf/xtensa-esp32-elf/include --with-newlib --enable-threads=no --disable-shared --with-pkgversion='crosstool-NG esp-2020r3' --disable-__cxa_atexit --enable-cxx-flags=-ffunction-sections --disable-libgomp --disable-libmudflap --disable-libmpx --disable-libssp --disable-libquadmath --disable-libquadmath-support --with-gmp=/builds/idf/crosstool-NG/.build/xtensa-esp32-elf/buildtools --with-mpfr=/builds/idf/crosstool-NG/.build/xtensa-esp32-elf/buildtools --with-mpc=/builds/idf/crosstool-NG/.build/xtensa-esp32-elf/buildtools --with-isl=/builds/idf/crosstool-NG/.build/xtensa-esp32-elf/buildtools --enable-lto --enable-target-optspace --without-long-double-128 --disable-nls --enable-multiarch --enable-languages=c c++ --disable-libstdcxx-verbose --enable-threads=posix --enable-gcov-custom-rtio --enable-libstdcxx-time=yes]
  ignore line: [Thread model: posix]
  ignore line: [gcc version 8.4.0 (crosstool-NG esp-2020r3) ]
  ignore line: [COMPILER_PATH=/root/.espressif/tools/xtensa-esp32-elf/esp-2020r3-8.4.0/xtensa-esp32-elf/bin/../libexec/gcc/xtensa-esp32-elf/8.4.0/:/root/.espressif/tools/xtensa-esp32-elf/esp-2020r3-8.4.0/xtensa-esp32-elf/bin/../libexec/gcc/:/root/.espressif/tools/xtensa-esp32-elf/esp-2020r3-8.4.0/xtensa-esp32-elf/bin/../lib/gcc/xtensa-esp32-elf/8.4.0/../../../../xtensa-esp32-elf/bin/]
  ignore line: [LIBRARY_PATH=/root/.espressif/tools/xtensa-esp32-elf/esp-2020r3-8.4.0/xtensa-esp32-elf/bin/../lib/gcc/xtensa-esp32-elf/8.4.0/:/root/.espressif/tools/xtensa-esp32-elf/esp-2020r3-8.4.0/xtensa-esp32-elf/bin/../lib/gcc/:/root/.espressif/tools/xtensa-esp32-elf/esp-2020r3-8.4.0/xtensa-esp32-elf/bin/../lib/gcc/xtensa-esp32-elf/8.4.0/../../../../xtensa-esp32-elf/lib/]
  ignore line: [COLLECT_GCC_OPTIONS='-Og' '-ggdb' '-ffunction-sections' '-fdata-sections' '-fstrict-volatile-bitfields' '-mlongcalls' '-nostdlib' '-D' 'WITH_POSIX' '-D' 'MBEDTLS_CONFIG_FILE="mbedtls/esp_config.h"' '-D' 'HAVE_CONFIG_H' '-g' '-pipe' '-fvisibility=hidden' '-fPIC' '-v' '-o' 'cmTC_9e49d']
  link line: [ /root/.espressif/tools/xtensa-esp32-elf/esp-2020r3-8.4.0/xtensa-esp32-elf/bin/../libexec/gcc/xtensa-esp32-elf/8.4.0/collect2 -plugin /root/.espressif/tools/xtensa-esp32-elf/esp-2020r3-8.4.0/xtensa-esp32-elf/bin/../libexec/gcc/xtensa-esp32-elf/8.4.0/liblto_plugin.so -plugin-opt=/root/.espressif/tools/xtensa-esp32-elf/esp-2020r3-8.4.0/xtensa-esp32-elf/bin/../libexec/gcc/xtensa-esp32-elf/8.4.0/lto-wrapper -plugin-opt=-fresolution=/tmp/ccBY9L2F.res -o cmTC_9e49d -L/root/.espressif/tools/xtensa-esp32-elf/esp-2020r3-8.4.0/xtensa-esp32-elf/bin/../lib/gcc/xtensa-esp32-elf/8.4.0 -L/root/.espressif/tools/xtensa-esp32-elf/esp-2020r3-8.4.0/xtensa-esp32-elf/bin/../lib/gcc -L/root/.espressif/tools/xtensa-esp32-elf/esp-2020r3-8.4.0/xtensa-esp32-elf/bin/../lib/gcc/xtensa-esp32-elf/8.4.0/../../../../xtensa-esp32-elf/lib CMakeFiles/cmTC_9e49d.dir/CMakeCCompilerABI.c.obj]
    arg [/root/.espressif/tools/xtensa-esp32-elf/esp-2020r3-8.4.0/xtensa-esp32-elf/bin/../libexec/gcc/xtensa-esp32-elf/8.4.0/collect2] ==> ignore
    arg [-plugin] ==> ignore
    arg [/root/.espressif/tools/xtensa-esp32-elf/esp-2020r3-8.4.0/xtensa-esp32-elf/bin/../libexec/gcc/xtensa-esp32-elf/8.4.0/liblto_plugin.so] ==> ignore
    arg [-plugin-opt=/root/.espressif/tools/xtensa-esp32-elf/esp-2020r3-8.4.0/xtensa-esp32-elf/bin/../libexec/gcc/xtensa-esp32-elf/8.4.0/lto-wrapper] ==> ignore
    arg [-plugin-opt=-fresolution=/tmp/ccBY9L2F.res] ==> ignore
    arg [-o] ==> ignore
    arg [cmTC_9e49d] ==> ignore
    arg [-L/root/.espressif/tools/xtensa-esp32-elf/esp-2020r3-8.4.0/xtensa-esp32-elf/bin/../lib/gcc/xtensa-esp32-elf/8.4.0] ==> dir [/root/.espressif/tools/xtensa-esp32-elf/esp-2020r3-8.4.0/xtensa-esp32-elf/bin/../lib/gcc/xtensa-esp32-elf/8.4.0]
    arg [-L/root/.espressif/tools/xtensa-esp32-elf/esp-2020r3-8.4.0/xtensa-esp32-elf/bin/../lib/gcc] ==> dir [/root/.espressif/tools/xtensa-esp32-elf/esp-2020r3-8.4.0/xtensa-esp32-elf/bin/../lib/gcc]
    arg [-L/root/.espressif/tools/xtensa-esp32-elf/esp-2020r3-8.4.0/xtensa-esp32-elf/bin/../lib/gcc/xtensa-esp32-elf/8.4.0/../../../../xtensa-esp32-elf/lib] ==> dir [/root/.espressif/tools/xtensa-esp32-elf/esp-2020r3-8.4.0/xtensa-esp32-elf/bin/../lib/gcc/xtensa-esp32-elf/8.4.0/../../../../xtensa-esp32-elf/lib]
    arg [CMakeFiles/cmTC_9e49d.dir/CMakeCCompilerABI.c.obj] ==> ignore
  collapse library dir [/root/.espressif/tools/xtensa-esp32-elf/esp-2020r3-8.4.0/xtensa-esp32-elf/bin/../lib/gcc/xtensa-esp32-elf/8.4.0] ==> [/root/.espressif/tools/xtensa-esp32-elf/esp-2020r3-8.4.0/xtensa-esp32-elf/lib/gcc/xtensa-esp32-elf/8.4.0]
  collapse library dir [/root/.espressif/tools/xtensa-esp32-elf/esp-2020r3-8.4.0/xtensa-esp32-elf/bin/../lib/gcc] ==> [/root/.espressif/tools/xtensa-esp32-elf/esp-2020r3-8.4.0/xtensa-esp32-elf/lib/gcc]
  collapse library dir [/root/.espressif/tools/xtensa-esp32-elf/esp-2020r3-8.4.0/xtensa-esp32-elf/bin/../lib/gcc/xtensa-esp32-elf/8.4.0/../../../../xtensa-esp32-elf/lib] ==> [/root/.espressif/tools/xtensa-esp32-elf/esp-2020r3-8.4.0/xtensa-esp32-elf/xtensa-esp32-elf/lib]
  implicit libs: []
  implicit dirs: [/root/.espressif/tools/xtensa-esp32-elf/esp-2020r3-8.4.0/xtensa-esp32-elf/lib/gcc/xtensa-esp32-elf/8.4.0;/root/.espressif/tools/xtensa-esp32-elf/esp-2020r3-8.4.0/xtensa-esp32-elf/lib/gcc;/root/.espressif/tools/xtensa-esp32-elf/esp-2020r3-8.4.0/xtensa-esp32-elf/xtensa-esp32-elf/lib]
  implicit fwks: []


Determining if the CXX compiler works passed with the following output:
Change Dir: /mnt/c/Users/tjmoo/AtomVM/src/platforms/esp32/build/libatomvm/CMakeFiles/CMakeTmp

Run Build Command(s):/usr/bin/make cmTC_249fd/fast && make[2]: Entering directory '/mnt/c/Users/tjmoo/AtomVM/src/platforms/esp32/build/libatomvm/CMakeFiles/CMakeTmp'
/usr/bin/make -f CMakeFiles/cmTC_249fd.dir/build.make CMakeFiles/cmTC_249fd.dir/build
make[3]: Entering directory '/mnt/c/Users/tjmoo/AtomVM/src/platforms/esp32/build/libatomvm/CMakeFiles/CMakeTmp'
Building CXX object CMakeFiles/cmTC_249fd.dir/testCXXCompiler.cxx.obj
/root/.espressif/tools/xtensa-esp32-elf/esp-2020r3-8.4.0/xtensa-esp32-elf/bin/xtensa-esp32-elf-c++   -I/root/esp-idf/components/app_trace/include -I/root/esp-idf/components/app_update/include -I/root/esp-idf/components/asio/asio/asio/include -I/root/esp-idf/components/asio/port/include -I/root/esp-idf/components/bootloader_support/include -I/root/esp-idf/components/bt/include -I/root/esp-idf/components/cbor/port/include -I/root/esp-idf/components/cmock/include -I/root/esp-idf/components/coap/port/include -I/root/esp-idf/components/coap/port/include/coap -I/root/esp-idf/components/coap/libcoap/include -I/root/esp-idf/components/coap/libcoap/include/coap2 -I/root/esp-idf/components/console -I/root/esp-idf/components/driver/include -I/root/esp-idf/components/driver/esp32/include -I/root/esp-idf/components/driver/esp32/include/driver -I/root/esp-idf/components/efuse/include -I/root/esp-idf/components/efuse/esp32/include -I/root/esp-idf/components/esp-tls -I/root/esp-idf/components/esp-tls/esp-tls-crypto -I/root/esp-idf/components/esp-tls/private_include -I/root/esp-idf/components/esp32/include -I/root/esp-idf/components/esp_adc_cal/include -I/root/esp-idf/components/esp_common/include -I/root/esp-idf/components/esp_eth/include -I/root/esp-idf/components/esp_event/include -I/root/esp-idf/components/esp_gdbstub/include -I/root/esp-idf/components/esp_hid/include -I/root/esp-idf/components/esp_http_client/include -I/root/esp-idf/components/esp_http_server/include -I/root/esp-idf/components/esp_https_ota/include -I/root/esp-idf/components/esp_hw_support -I/root/esp-idf/components/esp_hw_support/include -I/root/esp-idf/components/esp_hw_support/include/soc -I/root/esp-idf/components/esp_hw_support/port/esp32/private_include -I/root/esp-idf/components/esp_ipc/include -I/root/esp-idf/components/esp_local_ctrl/include -I/root/esp-idf/components/esp_netif/include -I/root/esp-idf/components/esp_pm/include -I/root/esp-idf/components/esp_ringbuf/include -I/root/esp-idf/components/esp_rom/include -I/root/esp-idf/components/esp_rom/esp32 -I/root/esp-idf/components/esp_serial_slave_link/include -I/root/esp-idf/components/esp_system/include -I/root/esp-idf/components/esp_system/port/public_compat -I/root/esp-idf/components/esp_timer/include -I/root/esp-idf/components/esp_websocket_client/include -I/root/esp-idf/components/esp_wifi/include -I/root/esp-idf/components/esp_wifi/esp32/include -I/root/esp-idf/components/espcoredump/include -I/root/esp-idf/components/espcoredump/include/port/xtensa -I/root/esp-idf/components/expat/expat/expat/lib -I/root/esp-idf/components/expat/port/include -I/root/esp-idf/components/fatfs/diskio -I/root/esp-idf/components/fatfs/vfs -I/root/esp-idf/components/fatfs/src -I/root/esp-idf/components/freemodbus/common/include -I/root/esp-idf/components/freertos/include -I/root/esp-idf/components/freertos/port/xtensa/include -I/root/esp-idf/components/hal/esp32/include -I/root/esp-idf/components/hal/include -I/root/esp-idf/components/heap/include -I/root/esp-idf/components/idf_test/include -I/root/esp-idf/components/idf_test/include/esp32 -I/root/esp-idf/components/jsmn/include -I/root/esp-idf/components/json/cJSON -I/mnt/c/Users/tjmoo/AtomVM/src/libAtomVM -I/root/esp-idf/components/libsodium/libsodium/src/libsodium/include -I/root/esp-idf/components/libsodium/port_include -I/root/esp-idf/components/log/include -I/root/esp-idf/components/lwip/include/apps -I/root/esp-idf/components/lwip/include/apps/sntp -I/root/esp-idf/components/lwip/lwip/src/include -I/root/esp-idf/components/lwip/port/esp32/include -I/root/esp-idf/components/lwip/port/esp32/include/arch -I/mnt/c/Users/tjmoo/AtomVM/src/platforms/esp32/main/include -I/root/esp-idf/components/mbedtls/port/include -I/root/esp-idf/components/mbedtls/mbedtls/include -I/root/esp-idf/components/mbedtls/esp_crt_bundle/include -I/root/esp-idf/components/mdns/include -I/root/esp-idf/components/mqtt/esp-mqtt/include -I/root/esp-idf/components/newlib/platform_include -I/root/esp-idf/components/nghttp/port/include -I/root/esp-idf/components/nghttp/nghttp2/lib/includes -I/root/esp-idf/components/nvs_flash/include -I/root/esp-idf/components/openssl/include -I/root/esp-idf/components/openthread/include -I/root/esp-idf/components/perfmon/include -I/root/esp-idf/components/protobuf-c/protobuf-c -I/root/esp-idf/components/protocomm/include/common -I/root/esp-idf/components/protocomm/include/security -I/root/esp-idf/components/protocomm/include/transports -I/root/esp-idf/components/pthread/include -I/root/esp-idf/components/sdmmc/include -I/root/esp-idf/components/soc/include -I/root/esp-idf/components/soc/esp32 -I/root/esp-idf/components/soc/esp32/include -I/root/esp-idf/components/spi_flash/include -I/root/esp-idf/components/spiffs/include -I/root/esp-idf/components/tcp_transport/include -I/root/esp-idf/components/tcpip_adapter/include -I/root/esp-idf/components/ulp/include -I/root/esp-idf/components/unity/include -I/root/esp-idf/components/unity/unity/src -I/root/esp-idf/components/vfs/include -I/root/esp-idf/components/wear_levelling/include -I/root/esp-idf/components/wifi_provisioning/include -I/root/esp-idf/components/wpa_supplicant/include -I/root/esp-idf/components/wpa_supplicant/port/include -I/root/esp-idf/components/wpa_supplicant/include/esp_supplicant -I/root/esp-idf/components/wpa_supplicant/src/utils -I/root/esp-idf/components/xtensa/include -I/root/esp-idf/components/xtensa/esp32/include -I/mnt/c/Users/tjmoo/AtomVM/src/platforms/esp32/build/include -I/mnt/c/Users/tjmoo/AtomVM/src/platforms/esp32/build/libatomvm/CMakeFiles/CMakeTmp/../../../../libAtomVM -I/root/esp-idf/components/lwip/include/lwip/posix  -std=gnu++11 -Og -ggdb -Wno-frame-address -ffunction-sections -fdata-sections -fstrict-volatile-bitfields -mlongcalls -nostdlib -Wall -Werror=all -Wno-error=unused-function -Wno-error=unused-but-set-variable -Wno-error=unused-variable -Wno-error=deprecated-declarations -Wextra -Wno-unused-parameter -Wno-sign-compare -fno-exceptions -fno-rtti    -o CMakeFiles/cmTC_249fd.dir/testCXXCompiler.cxx.obj -c /mnt/c/Users/tjmoo/AtomVM/src/platforms/esp32/build/libatomvm/CMakeFiles/CMakeTmp/testCXXCompiler.cxx
Linking CXX executable cmTC_249fd
/usr/bin/cmake -E cmake_link_script CMakeFiles/cmTC_249fd.dir/link.txt --verbose=1
/root/.espressif/tools/xtensa-esp32-elf/esp-2020r3-8.4.0/xtensa-esp32-elf/bin/xtensa-esp32-elf-c++  -std=gnu++11 -Og -ggdb -Wno-frame-address -ffunction-sections -fdata-sections -fstrict-volatile-bitfields -mlongcalls -nostdlib -Wall -Werror=all -Wno-error=unused-function -Wno-error=unused-but-set-variable -Wno-error=unused-variable -Wno-error=deprecated-declarations -Wextra -Wno-unused-parameter -Wno-sign-compare -fno-exceptions -fno-rtti     CMakeFiles/cmTC_249fd.dir/testCXXCompiler.cxx.obj  -o cmTC_249fd 
/root/.espressif/tools/xtensa-esp32-elf/esp-2020r3-8.4.0/xtensa-esp32-elf/bin/../lib/gcc/xtensa-esp32-elf/8.4.0/../../../../xtensa-esp32-elf/bin/ld: warning: cannot find entry symbol _start; defaulting to 0000000000400054
make[3]: Leaving directory '/mnt/c/Users/tjmoo/AtomVM/src/platforms/esp32/build/libatomvm/CMakeFiles/CMakeTmp'
make[2]: Leaving directory '/mnt/c/Users/tjmoo/AtomVM/src/platforms/esp32/build/libatomvm/CMakeFiles/CMakeTmp'



Detecting CXX compiler ABI info compiled with the following output:
Change Dir: /mnt/c/Users/tjmoo/AtomVM/src/platforms/esp32/build/libatomvm/CMakeFiles/CMakeTmp

Run Build Command(s):/usr/bin/make cmTC_1d388/fast && make[2]: Entering directory '/mnt/c/Users/tjmoo/AtomVM/src/platforms/esp32/build/libatomvm/CMakeFiles/CMakeTmp'
/usr/bin/make -f CMakeFiles/cmTC_1d388.dir/build.make CMakeFiles/cmTC_1d388.dir/build
make[3]: Entering directory '/mnt/c/Users/tjmoo/AtomVM/src/platforms/esp32/build/libatomvm/CMakeFiles/CMakeTmp'
Building CXX object CMakeFiles/cmTC_1d388.dir/CMakeCXXCompilerABI.cpp.obj
/root/.espressif/tools/xtensa-esp32-elf/esp-2020r3-8.4.0/xtensa-esp32-elf/bin/xtensa-esp32-elf-c++    -std=gnu++11 -Og -ggdb -Wno-frame-address -ffunction-sections -fdata-sections -fstrict-volatile-bitfields -mlongcalls -nostdlib -Wall -Werror=all -Wno-error=unused-function -Wno-error=unused-but-set-variable -Wno-error=unused-variable -Wno-error=deprecated-declarations -Wextra -Wno-unused-parameter -Wno-sign-compare -fno-exceptions -fno-rtti    -v -o CMakeFiles/cmTC_1d388.dir/CMakeCXXCompilerABI.cpp.obj -c /usr/share/cmake-3.16/Modules/CMakeCXXCompilerABI.cpp
Using built-in specs.
COLLECT_GCC=/root/.espressif/tools/xtensa-esp32-elf/esp-2020r3-8.4.0/xtensa-esp32-elf/bin/xtensa-esp32-elf-c++
Target: xtensa-esp32-elf
Configured with: /builds/idf/crosstool-NG/.build/xtensa-esp32-elf/src/gcc/configure --build=x86_64-build_pc-linux-gnu --host=x86_64-build_pc-linux-gnu --target=xtensa-esp32-elf --prefix=/builds/idf/crosstool-NG/builds/xtensa-esp32-elf --with-local-prefix=/builds/idf/crosstool-NG/builds/xtensa-esp32-elf/xtensa-esp32-elf --with-headers=/builds/idf/crosstool-NG/builds/xtensa-esp32-elf/xtensa-esp32-elf/include --with-newlib --enable-threads=no --disable-shared --with-pkgversion='crosstool-NG esp-2020r3' --disable-__cxa_atexit --enable-cxx-flags=-ffunction-sections --disable-libgomp --disable-libmudflap --disable-libmpx --disable-libssp --disable-libquadmath --disable-libquadmath-support --with-gmp=/builds/idf/crosstool-NG/.build/xtensa-esp32-elf/buildtools --with-mpfr=/builds/idf/crosstool-NG/.build/xtensa-esp32-elf/buildtools --with-mpc=/builds/idf/crosstool-NG/.build/xtensa-esp32-elf/buildtools --with-isl=/builds/idf/crosstool-NG/.build/xtensa-esp32-elf/buildtools --enable-lto --enable-target-optspace --without-long-double-128 --disable-nls --enable-multiarch --enable-languages=c,c++ --disable-libstdcxx-verbose --enable-threads=posix --enable-gcov-custom-rtio --enable-libstdcxx-time=yes
Thread model: posix
gcc version 8.4.0 (crosstool-NG esp-2020r3) 
COLLECT_GCC_OPTIONS='-std=gnu++11' '-Og' '-ggdb' '-Wno-frame-address' '-ffunction-sections' '-fdata-sections' '-fstrict-volatile-bitfields' '-mlongcalls' '-nostdlib' '-Wall' '-Werror=all' '-Wno-error=unused-function' '-Wno-error=unused-but-set-variable' '-Wno-error=unused-variable' '-Wno-error=deprecated-declarations' '-Wextra' '-Wno-unused-parameter' '-Wno-sign-compare' '-fno-exceptions' '-fno-rtti' '-v' '-o' 'CMakeFiles/cmTC_1d388.dir/CMakeCXXCompilerABI.cpp.obj' '-c'
 /root/.espressif/tools/xtensa-esp32-elf/esp-2020r3-8.4.0/xtensa-esp32-elf/bin/../libexec/gcc/xtensa-esp32-elf/8.4.0/cc1plus -quiet -v -imultilib no-rtti -iprefix /root/.espressif/tools/xtensa-esp32-elf/esp-2020r3-8.4.0/xtensa-esp32-elf/bin/../lib/gcc/xtensa-esp32-elf/8.4.0/ /usr/share/cmake-3.16/Modules/CMakeCXXCompilerABI.cpp -quiet -dumpbase CMakeCXXCompilerABI.cpp -mlongcalls -auxbase-strip CMakeFiles/cmTC_1d388.dir/CMakeCXXCompilerABI.cpp.obj -ggdb -Og -Wno-frame-address -Wall -Werror=all -Wno-error=unused-function -Wno-error=unused-but-set-variable -Wno-error=unused-variable -Wno-error=deprecated-declarations -Wextra -Wno-unused-parameter -Wno-sign-compare -std=gnu++11 -version -ffunction-sections -fdata-sections -fstrict-volatile-bitfields -fno-exceptions -fno-rtti -o /tmp/cckUaNda.s
GNU C++11 (crosstool-NG esp-2020r3) version 8.4.0 (xtensa-esp32-elf)
	compiled by GNU C version 4.9.2, GMP version 6.1.2, MPFR version 4.0.1, MPC version 1.1.0, isl version isl-0.19-GMP

GGC heuristics: --param ggc-min-expand=100 --param ggc-min-heapsize=131072
ignoring duplicate directory "/root/.espressif/tools/xtensa-esp32-elf/esp-2020r3-8.4.0/xtensa-esp32-elf/bin/../lib/gcc/../../lib/gcc/xtensa-esp32-elf/8.4.0/../../../../xtensa-esp32-elf/include/c++/8.4.0"
ignoring duplicate directory "/root/.espressif/tools/xtensa-esp32-elf/esp-2020r3-8.4.0/xtensa-esp32-elf/bin/../lib/gcc/../../lib/gcc/xtensa-esp32-elf/8.4.0/../../../../xtensa-esp32-elf/include/c++/8.4.0/xtensa-esp32-elf/no-rtti"
ignoring duplicate directory "/root/.espressif/tools/xtensa-esp32-elf/esp-2020r3-8.4.0/xtensa-esp32-elf/bin/../lib/gcc/../../lib/gcc/xtensa-esp32-elf/8.4.0/../../../../xtensa-esp32-elf/include/c++/8.4.0/backward"
ignoring duplicate directory "/root/.espressif/tools/xtensa-esp32-elf/esp-2020r3-8.4.0/xtensa-esp32-elf/bin/../lib/gcc/../../lib/gcc/xtensa-esp32-elf/8.4.0/include"
ignoring duplicate directory "/root/.espressif/tools/xtensa-esp32-elf/esp-2020r3-8.4.0/xtensa-esp32-elf/bin/../lib/gcc/../../lib/gcc/xtensa-esp32-elf/8.4.0/include-fixed"
ignoring duplicate directory "/root/.espressif/tools/xtensa-esp32-elf/esp-2020r3-8.4.0/xtensa-esp32-elf/bin/../lib/gcc/../../lib/gcc/xtensa-esp32-elf/8.4.0/../../../../xtensa-esp32-elf/sys-include"
ignoring duplicate directory "/root/.espressif/tools/xtensa-esp32-elf/esp-2020r3-8.4.0/xtensa-esp32-elf/bin/../lib/gcc/../../lib/gcc/xtensa-esp32-elf/8.4.0/../../../../xtensa-esp32-elf/include"
#include "..." search starts here:
#include <...> search starts here:
 /root/.espressif/tools/xtensa-esp32-elf/esp-2020r3-8.4.0/xtensa-esp32-elf/bin/../lib/gcc/xtensa-esp32-elf/8.4.0/../../../../xtensa-esp32-elf/include/c++/8.4.0
 /root/.espressif/tools/xtensa-esp32-elf/esp-2020r3-8.4.0/xtensa-esp32-elf/bin/../lib/gcc/xtensa-esp32-elf/8.4.0/../../../../xtensa-esp32-elf/include/c++/8.4.0/xtensa-esp32-elf/no-rtti
 /root/.espressif/tools/xtensa-esp32-elf/esp-2020r3-8.4.0/xtensa-esp32-elf/bin/../lib/gcc/xtensa-esp32-elf/8.4.0/../../../../xtensa-esp32-elf/include/c++/8.4.0/backward
 /root/.espressif/tools/xtensa-esp32-elf/esp-2020r3-8.4.0/xtensa-esp32-elf/bin/../lib/gcc/xtensa-esp32-elf/8.4.0/include
 /root/.espressif/tools/xtensa-esp32-elf/esp-2020r3-8.4.0/xtensa-esp32-elf/bin/../lib/gcc/xtensa-esp32-elf/8.4.0/include-fixed
 /root/.espressif/tools/xtensa-esp32-elf/esp-2020r3-8.4.0/xtensa-esp32-elf/bin/../lib/gcc/xtensa-esp32-elf/8.4.0/../../../../xtensa-esp32-elf/sys-include
 /root/.espressif/tools/xtensa-esp32-elf/esp-2020r3-8.4.0/xtensa-esp32-elf/bin/../lib/gcc/xtensa-esp32-elf/8.4.0/../../../../xtensa-esp32-elf/include
End of search list.
GNU C++11 (crosstool-NG esp-2020r3) version 8.4.0 (xtensa-esp32-elf)
	compiled by GNU C version 4.9.2, GMP version 6.1.2, MPFR version 4.0.1, MPC version 1.1.0, isl version isl-0.19-GMP

GGC heuristics: --param ggc-min-expand=100 --param ggc-min-heapsize=131072
Compiler executable checksum: 8d3d7cf4a9615fb0943a530e8219815c
COLLECT_GCC_OPTIONS='-std=gnu++11' '-Og' '-ggdb' '-Wno-frame-address' '-ffunction-sections' '-fdata-sections' '-fstrict-volatile-bitfields' '-mlongcalls' '-nostdlib' '-Wall' '-Werror=all' '-Wno-error=unused-function' '-Wno-error=unused-but-set-variable' '-Wno-error=unused-variable' '-Wno-error=deprecated-declarations' '-Wextra' '-Wno-unused-parameter' '-Wno-sign-compare' '-fno-exceptions' '-fno-rtti' '-v' '-o' 'CMakeFiles/cmTC_1d388.dir/CMakeCXXCompilerABI.cpp.obj' '-c'
 /root/.espressif/tools/xtensa-esp32-elf/esp-2020r3-8.4.0/xtensa-esp32-elf/bin/../lib/gcc/xtensa-esp32-elf/8.4.0/../../../../xtensa-esp32-elf/bin/as --traditional-format --longcalls -o CMakeFiles/cmTC_1d388.dir/CMakeCXXCompilerABI.cpp.obj /tmp/cckUaNda.s
COMPILER_PATH=/root/.espressif/tools/xtensa-esp32-elf/esp-2020r3-8.4.0/xtensa-esp32-elf/bin/../libexec/gcc/xtensa-esp32-elf/8.4.0/:/root/.espressif/tools/xtensa-esp32-elf/esp-2020r3-8.4.0/xtensa-esp32-elf/bin/../libexec/gcc/:/root/.espressif/tools/xtensa-esp32-elf/esp-2020r3-8.4.0/xtensa-esp32-elf/bin/../lib/gcc/xtensa-esp32-elf/8.4.0/../../../../xtensa-esp32-elf/bin/
LIBRARY_PATH=/root/.espressif/tools/xtensa-esp32-elf/esp-2020r3-8.4.0/xtensa-esp32-elf/bin/../lib/gcc/xtensa-esp32-elf/8.4.0/no-rtti/:/root/.espressif/tools/xtensa-esp32-elf/esp-2020r3-8.4.0/xtensa-esp32-elf/bin/../lib/gcc/xtensa-esp32-elf/8.4.0/../../../../xtensa-esp32-elf/lib/no-rtti/:/root/.espressif/tools/xtensa-esp32-elf/esp-2020r3-8.4.0/xtensa-esp32-elf/bin/../lib/gcc/xtensa-esp32-elf/8.4.0/:/root/.espressif/tools/xtensa-esp32-elf/esp-2020r3-8.4.0/xtensa-esp32-elf/bin/../lib/gcc/:/root/.espressif/tools/xtensa-esp32-elf/esp-2020r3-8.4.0/xtensa-esp32-elf/bin/../lib/gcc/xtensa-esp32-elf/8.4.0/../../../../xtensa-esp32-elf/lib/
COLLECT_GCC_OPTIONS='-std=gnu++11' '-Og' '-ggdb' '-Wno-frame-address' '-ffunction-sections' '-fdata-sections' '-fstrict-volatile-bitfields' '-mlongcalls' '-nostdlib' '-Wall' '-Werror=all' '-Wno-error=unused-function' '-Wno-error=unused-but-set-variable' '-Wno-error=unused-variable' '-Wno-error=deprecated-declarations' '-Wextra' '-Wno-unused-parameter' '-Wno-sign-compare' '-fno-exceptions' '-fno-rtti' '-v' '-o' 'CMakeFiles/cmTC_1d388.dir/CMakeCXXCompilerABI.cpp.obj' '-c'
Linking CXX executable cmTC_1d388
/usr/bin/cmake -E cmake_link_script CMakeFiles/cmTC_1d388.dir/link.txt --verbose=1
/root/.espressif/tools/xtensa-esp32-elf/esp-2020r3-8.4.0/xtensa-esp32-elf/bin/xtensa-esp32-elf-c++  -std=gnu++11 -Og -ggdb -Wno-frame-address -ffunction-sections -fdata-sections -fstrict-volatile-bitfields -mlongcalls -nostdlib -Wall -Werror=all -Wno-error=unused-function -Wno-error=unused-but-set-variable -Wno-error=unused-variable -Wno-error=deprecated-declarations -Wextra -Wno-unused-parameter -Wno-sign-compare -fno-exceptions -fno-rtti    -v CMakeFiles/cmTC_1d388.dir/CMakeCXXCompilerABI.cpp.obj  -o cmTC_1d388 
Using built-in specs.
COLLECT_GCC=/root/.espressif/tools/xtensa-esp32-elf/esp-2020r3-8.4.0/xtensa-esp32-elf/bin/xtensa-esp32-elf-c++
COLLECT_LTO_WRAPPER=/root/.espressif/tools/xtensa-esp32-elf/esp-2020r3-8.4.0/xtensa-esp32-elf/bin/../libexec/gcc/xtensa-esp32-elf/8.4.0/lto-wrapper
Target: xtensa-esp32-elf
Configured with: /builds/idf/crosstool-NG/.build/xtensa-esp32-elf/src/gcc/configure --build=x86_64-build_pc-linux-gnu --host=x86_64-build_pc-linux-gnu --target=xtensa-esp32-elf --prefix=/builds/idf/crosstool-NG/builds/xtensa-esp32-elf --with-local-prefix=/builds/idf/crosstool-NG/builds/xtensa-esp32-elf/xtensa-esp32-elf --with-headers=/builds/idf/crosstool-NG/builds/xtensa-esp32-elf/xtensa-esp32-elf/include --with-newlib --enable-threads=no --disable-shared --with-pkgversion='crosstool-NG esp-2020r3' --disable-__cxa_atexit --enable-cxx-flags=-ffunction-sections --disable-libgomp --disable-libmudflap --disable-libmpx --disable-libssp --disable-libquadmath --disable-libquadmath-support --with-gmp=/builds/idf/crosstool-NG/.build/xtensa-esp32-elf/buildtools --with-mpfr=/builds/idf/crosstool-NG/.build/xtensa-esp32-elf/buildtools --with-mpc=/builds/idf/crosstool-NG/.build/xtensa-esp32-elf/buildtools --with-isl=/builds/idf/crosstool-NG/.build/xtensa-esp32-elf/buildtools --enable-lto --enable-target-optspace --without-long-double-128 --disable-nls --enable-multiarch --enable-languages=c,c++ --disable-libstdcxx-verbose --enable-threads=posix --enable-gcov-custom-rtio --enable-libstdcxx-time=yes
Thread model: posix
gcc version 8.4.0 (crosstool-NG esp-2020r3) 
COMPILER_PATH=/root/.espressif/tools/xtensa-esp32-elf/esp-2020r3-8.4.0/xtensa-esp32-elf/bin/../libexec/gcc/xtensa-esp32-elf/8.4.0/:/root/.espressif/tools/xtensa-esp32-elf/esp-2020r3-8.4.0/xtensa-esp32-elf/bin/../libexec/gcc/:/root/.espressif/tools/xtensa-esp32-elf/esp-2020r3-8.4.0/xtensa-esp32-elf/bin/../lib/gcc/xtensa-esp32-elf/8.4.0/../../../../xtensa-esp32-elf/bin/
LIBRARY_PATH=/root/.espressif/tools/xtensa-esp32-elf/esp-2020r3-8.4.0/xtensa-esp32-elf/bin/../lib/gcc/xtensa-esp32-elf/8.4.0/no-rtti/:/root/.espressif/tools/xtensa-esp32-elf/esp-2020r3-8.4.0/xtensa-esp32-elf/bin/../lib/gcc/xtensa-esp32-elf/8.4.0/../../../../xtensa-esp32-elf/lib/no-rtti/:/root/.espressif/tools/xtensa-esp32-elf/esp-2020r3-8.4.0/xtensa-esp32-elf/bin/../lib/gcc/xtensa-esp32-elf/8.4.0/:/root/.espressif/tools/xtensa-esp32-elf/esp-2020r3-8.4.0/xtensa-esp32-elf/bin/../lib/gcc/:/root/.espressif/tools/xtensa-esp32-elf/esp-2020r3-8.4.0/xtensa-esp32-elf/bin/../lib/gcc/xtensa-esp32-elf/8.4.0/../../../../xtensa-esp32-elf/lib/
COLLECT_GCC_OPTIONS='-std=gnu++11' '-Og' '-ggdb' '-Wno-frame-address' '-ffunction-sections' '-fdata-sections' '-fstrict-volatile-bitfields' '-mlongcalls' '-nostdlib' '-Wall' '-Werror=all' '-Wno-error=unused-function' '-Wno-error=unused-but-set-variable' '-Wno-error=unused-variable' '-Wno-error=deprecated-declarations' '-Wextra' '-Wno-unused-parameter' '-Wno-sign-compare' '-fno-exceptions' '-fno-rtti' '-v' '-o' 'cmTC_1d388'
 /root/.espressif/tools/xtensa-esp32-elf/esp-2020r3-8.4.0/xtensa-esp32-elf/bin/../libexec/gcc/xtensa-esp32-elf/8.4.0/collect2 -plugin /root/.espressif/tools/xtensa-esp32-elf/esp-2020r3-8.4.0/xtensa-esp32-elf/bin/../libexec/gcc/xtensa-esp32-elf/8.4.0/liblto_plugin.so -plugin-opt=/root/.espressif/tools/xtensa-esp32-elf/esp-2020r3-8.4.0/xtensa-esp32-elf/bin/../libexec/gcc/xtensa-esp32-elf/8.4.0/lto-wrapper -plugin-opt=-fresolution=/tmp/ccWY1RJD.res -o cmTC_1d388 -L/root/.espressif/tools/xtensa-esp32-elf/esp-2020r3-8.4.0/xtensa-esp32-elf/bin/../lib/gcc/xtensa-esp32-elf/8.4.0/no-rtti -L/root/.espressif/tools/xtensa-esp32-elf/esp-2020r3-8.4.0/xtensa-esp32-elf/bin/../lib/gcc/xtensa-esp32-elf/8.4.0/../../../../xtensa-esp32-elf/lib/no-rtti -L/root/.espressif/tools/xtensa-esp32-elf/esp-2020r3-8.4.0/xtensa-esp32-elf/bin/../lib/gcc/xtensa-esp32-elf/8.4.0 -L/root/.espressif/tools/xtensa-esp32-elf/esp-2020r3-8.4.0/xtensa-esp32-elf/bin/../lib/gcc -L/root/.espressif/tools/xtensa-esp32-elf/esp-2020r3-8.4.0/xtensa-esp32-elf/bin/../lib/gcc/xtensa-esp32-elf/8.4.0/../../../../xtensa-esp32-elf/lib CMakeFiles/cmTC_1d388.dir/CMakeCXXCompilerABI.cpp.obj
/root/.espressif/tools/xtensa-esp32-elf/esp-2020r3-8.4.0/xtensa-esp32-elf/bin/../lib/gcc/xtensa-esp32-elf/8.4.0/../../../../xtensa-esp32-elf/bin/ld: warning: cannot find entry symbol _start; defaulting to 0000000000400054
COLLECT_GCC_OPTIONS='-std=gnu++11' '-Og' '-ggdb' '-Wno-frame-address' '-ffunction-sections' '-fdata-sections' '-fstrict-volatile-bitfields' '-mlongcalls' '-nostdlib' '-Wall' '-Werror=all' '-Wno-error=unused-function' '-Wno-error=unused-but-set-variable' '-Wno-error=unused-variable' '-Wno-error=deprecated-declarations' '-Wextra' '-Wno-unused-parameter' '-Wno-sign-compare' '-fno-exceptions' '-fno-rtti' '-v' '-o' 'cmTC_1d388'
make[3]: Leaving directory '/mnt/c/Users/tjmoo/AtomVM/src/platforms/esp32/build/libatomvm/CMakeFiles/CMakeTmp'
make[2]: Leaving directory '/mnt/c/Users/tjmoo/AtomVM/src/platforms/esp32/build/libatomvm/CMakeFiles/CMakeTmp'



Parsed CXX implicit include dir info from above output: rv=done
  found start of include info
  found start of implicit include info
    add: [/root/.espressif/tools/xtensa-esp32-elf/esp-2020r3-8.4.0/xtensa-esp32-elf/bin/../lib/gcc/xtensa-esp32-elf/8.4.0/../../../../xtensa-esp32-elf/include/c++/8.4.0]
    add: [/root/.espressif/tools/xtensa-esp32-elf/esp-2020r3-8.4.0/xtensa-esp32-elf/bin/../lib/gcc/xtensa-esp32-elf/8.4.0/../../../../xtensa-esp32-elf/include/c++/8.4.0/xtensa-esp32-elf/no-rtti]
    add: [/root/.espressif/tools/xtensa-esp32-elf/esp-2020r3-8.4.0/xtensa-esp32-elf/bin/../lib/gcc/xtensa-esp32-elf/8.4.0/../../../../xtensa-esp32-elf/include/c++/8.4.0/backward]
    add: [/root/.espressif/tools/xtensa-esp32-elf/esp-2020r3-8.4.0/xtensa-esp32-elf/bin/../lib/gcc/xtensa-esp32-elf/8.4.0/include]
    add: [/root/.espressif/tools/xtensa-esp32-elf/esp-2020r3-8.4.0/xtensa-esp32-elf/bin/../lib/gcc/xtensa-esp32-elf/8.4.0/include-fixed]
    add: [/root/.espressif/tools/xtensa-esp32-elf/esp-2020r3-8.4.0/xtensa-esp32-elf/bin/../lib/gcc/xtensa-esp32-elf/8.4.0/../../../../xtensa-esp32-elf/sys-include]
    add: [/root/.espressif/tools/xtensa-esp32-elf/esp-2020r3-8.4.0/xtensa-esp32-elf/bin/../lib/gcc/xtensa-esp32-elf/8.4.0/../../../../xtensa-esp32-elf/include]
  end of search list found
  collapse include dir [/root/.espressif/tools/xtensa-esp32-elf/esp-2020r3-8.4.0/xtensa-esp32-elf/bin/../lib/gcc/xtensa-esp32-elf/8.4.0/../../../../xtensa-esp32-elf/include/c++/8.4.0] ==> [/root/.espressif/tools/xtensa-esp32-elf/esp-2020r3-8.4.0/xtensa-esp32-elf/xtensa-esp32-elf/include/c++/8.4.0]
  collapse include dir [/root/.espressif/tools/xtensa-esp32-elf/esp-2020r3-8.4.0/xtensa-esp32-elf/bin/../lib/gcc/xtensa-esp32-elf/8.4.0/../../../../xtensa-esp32-elf/include/c++/8.4.0/xtensa-esp32-elf/no-rtti] ==> [/root/.espressif/tools/xtensa-esp32-elf/esp-2020r3-8.4.0/xtensa-esp32-elf/xtensa-esp32-elf/include/c++/8.4.0/xtensa-esp32-elf/no-rtti]
  collapse include dir [/root/.espressif/tools/xtensa-esp32-elf/esp-2020r3-8.4.0/xtensa-esp32-elf/bin/../lib/gcc/xtensa-esp32-elf/8.4.0/../../../../xtensa-esp32-elf/include/c++/8.4.0/backward] ==> [/root/.espressif/tools/xtensa-esp32-elf/esp-2020r3-8.4.0/xtensa-esp32-elf/xtensa-esp32-elf/include/c++/8.4.0/backward]
  collapse include dir [/root/.espressif/tools/xtensa-esp32-elf/esp-2020r3-8.4.0/xtensa-esp32-elf/bin/../lib/gcc/xtensa-esp32-elf/8.4.0/include] ==> [/root/.espressif/tools/xtensa-esp32-elf/esp-2020r3-8.4.0/xtensa-esp32-elf/lib/gcc/xtensa-esp32-elf/8.4.0/include]
  collapse include dir [/root/.espressif/tools/xtensa-esp32-elf/esp-2020r3-8.4.0/xtensa-esp32-elf/bin/../lib/gcc/xtensa-esp32-elf/8.4.0/include-fixed] ==> [/root/.espressif/tools/xtensa-esp32-elf/esp-2020r3-8.4.0/xtensa-esp32-elf/lib/gcc/xtensa-esp32-elf/8.4.0/include-fixed]
  collapse include dir [/root/.espressif/tools/xtensa-esp32-elf/esp-2020r3-8.4.0/xtensa-esp32-elf/bin/../lib/gcc/xtensa-esp32-elf/8.4.0/../../../../xtensa-esp32-elf/sys-include] ==> [/root/.espressif/tools/xtensa-esp32-elf/esp-2020r3-8.4.0/xtensa-esp32-elf/xtensa-esp32-elf/sys-include]
  collapse include dir [/root/.espressif/tools/xtensa-esp32-elf/esp-2020r3-8.4.0/xtensa-esp32-elf/bin/../lib/gcc/xtensa-esp32-elf/8.4.0/../../../../xtensa-esp32-elf/include] ==> [/root/.espressif/tools/xtensa-esp32-elf/esp-2020r3-8.4.0/xtensa-esp32-elf/xtensa-esp32-elf/include]
  implicit include dirs: [/root/.espressif/tools/xtensa-esp32-elf/esp-2020r3-8.4.0/xtensa-esp32-elf/xtensa-esp32-elf/include/c++/8.4.0;/root/.espressif/tools/xtensa-esp32-elf/esp-2020r3-8.4.0/xtensa-esp32-elf/xtensa-esp32-elf/include/c++/8.4.0/xtensa-esp32-elf/no-rtti;/root/.espressif/tools/xtensa-esp32-elf/esp-2020r3-8.4.0/xtensa-esp32-elf/xtensa-esp32-elf/include/c++/8.4.0/backward;/root/.espressif/tools/xtensa-esp32-elf/esp-2020r3-8.4.0/xtensa-esp32-elf/lib/gcc/xtensa-esp32-elf/8.4.0/include;/root/.espressif/tools/xtensa-esp32-elf/esp-2020r3-8.4.0/xtensa-esp32-elf/lib/gcc/xtensa-esp32-elf/8.4.0/include-fixed;/root/.espressif/tools/xtensa-esp32-elf/esp-2020r3-8.4.0/xtensa-esp32-elf/xtensa-esp32-elf/sys-include;/root/.espressif/tools/xtensa-esp32-elf/esp-2020r3-8.4.0/xtensa-esp32-elf/xtensa-esp32-elf/include]


Parsed CXX implicit link information from above output:
  link line regex: [^( *|.*[/\])(xtensa-esp32-elf-ld|CMAKE_LINK_STARTFILE-NOTFOUND|([^/\]+-)?ld|collect2)[^/\]*( |$)]
  ignore line: [Change Dir: /mnt/c/Users/tjmoo/AtomVM/src/platforms/esp32/build/libatomvm/CMakeFiles/CMakeTmp]
  ignore line: []
  ignore line: [Run Build Command(s):/usr/bin/make cmTC_1d388/fast && make[2]: Entering directory '/mnt/c/Users/tjmoo/AtomVM/src/platforms/esp32/build/libatomvm/CMakeFiles/CMakeTmp']
  ignore line: [/usr/bin/make -f CMakeFiles/cmTC_1d388.dir/build.make CMakeFiles/cmTC_1d388.dir/build]
  ignore line: [make[3]: Entering directory '/mnt/c/Users/tjmoo/AtomVM/src/platforms/esp32/build/libatomvm/CMakeFiles/CMakeTmp']
  ignore line: [Building CXX object CMakeFiles/cmTC_1d388.dir/CMakeCXXCompilerABI.cpp.obj]
  ignore line: [/root/.espressif/tools/xtensa-esp32-elf/esp-2020r3-8.4.0/xtensa-esp32-elf/bin/xtensa-esp32-elf-c++    -std=gnu++11 -Og -ggdb -Wno-frame-address -ffunction-sections -fdata-sections -fstrict-volatile-bitfields -mlongcalls -nostdlib -Wall -Werror=all -Wno-error=unused-function -Wno-error=unused-but-set-variable -Wno-error=unused-variable -Wno-error=deprecated-declarations -Wextra -Wno-unused-parameter -Wno-sign-compare -fno-exceptions -fno-rtti    -v -o CMakeFiles/cmTC_1d388.dir/CMakeCXXCompilerABI.cpp.obj -c /usr/share/cmake-3.16/Modules/CMakeCXXCompilerABI.cpp]
  ignore line: [Using built-in specs.]
  ignore line: [COLLECT_GCC=/root/.espressif/tools/xtensa-esp32-elf/esp-2020r3-8.4.0/xtensa-esp32-elf/bin/xtensa-esp32-elf-c++]
  ignore line: [Target: xtensa-esp32-elf]
  ignore line: [Configured with: /builds/idf/crosstool-NG/.build/xtensa-esp32-elf/src/gcc/configure --build=x86_64-build_pc-linux-gnu --host=x86_64-build_pc-linux-gnu --target=xtensa-esp32-elf --prefix=/builds/idf/crosstool-NG/builds/xtensa-esp32-elf --with-local-prefix=/builds/idf/crosstool-NG/builds/xtensa-esp32-elf/xtensa-esp32-elf --with-headers=/builds/idf/crosstool-NG/builds/xtensa-esp32-elf/xtensa-esp32-elf/include --with-newlib --enable-threads=no --disable-shared --with-pkgversion='crosstool-NG esp-2020r3' --disable-__cxa_atexit --enable-cxx-flags=-ffunction-sections --disable-libgomp --disable-libmudflap --disable-libmpx --disable-libssp --disable-libquadmath --disable-libquadmath-support --with-gmp=/builds/idf/crosstool-NG/.build/xtensa-esp32-elf/buildtools --with-mpfr=/builds/idf/crosstool-NG/.build/xtensa-esp32-elf/buildtools --with-mpc=/builds/idf/crosstool-NG/.build/xtensa-esp32-elf/buildtools --with-isl=/builds/idf/crosstool-NG/.build/xtensa-esp32-elf/buildtools --enable-lto --enable-target-optspace --without-long-double-128 --disable-nls --enable-multiarch --enable-languages=c c++ --disable-libstdcxx-verbose --enable-threads=posix --enable-gcov-custom-rtio --enable-libstdcxx-time=yes]
  ignore line: [Thread model: posix]
  ignore line: [gcc version 8.4.0 (crosstool-NG esp-2020r3) ]
  ignore line: [COLLECT_GCC_OPTIONS='-std=gnu++11' '-Og' '-ggdb' '-Wno-frame-address' '-ffunction-sections' '-fdata-sections' '-fstrict-volatile-bitfields' '-mlongcalls' '-nostdlib' '-Wall' '-Werror=all' '-Wno-error=unused-function' '-Wno-error=unused-but-set-variable' '-Wno-error=unused-variable' '-Wno-error=deprecated-declarations' '-Wextra' '-Wno-unused-parameter' '-Wno-sign-compare' '-fno-exceptions' '-fno-rtti' '-v' '-o' 'CMakeFiles/cmTC_1d388.dir/CMakeCXXCompilerABI.cpp.obj' '-c']
  ignore line: [ /root/.espressif/tools/xtensa-esp32-elf/esp-2020r3-8.4.0/xtensa-esp32-elf/bin/../libexec/gcc/xtensa-esp32-elf/8.4.0/cc1plus -quiet -v -imultilib no-rtti -iprefix /root/.espressif/tools/xtensa-esp32-elf/esp-2020r3-8.4.0/xtensa-esp32-elf/bin/../lib/gcc/xtensa-esp32-elf/8.4.0/ /usr/share/cmake-3.16/Modules/CMakeCXXCompilerABI.cpp -quiet -dumpbase CMakeCXXCompilerABI.cpp -mlongcalls -auxbase-strip CMakeFiles/cmTC_1d388.dir/CMakeCXXCompilerABI.cpp.obj -ggdb -Og -Wno-frame-address -Wall -Werror=all -Wno-error=unused-function -Wno-error=unused-but-set-variable -Wno-error=unused-variable -Wno-error=deprecated-declarations -Wextra -Wno-unused-parameter -Wno-sign-compare -std=gnu++11 -version -ffunction-sections -fdata-sections -fstrict-volatile-bitfields -fno-exceptions -fno-rtti -o /tmp/cckUaNda.s]
  ignore line: [GNU C++11 (crosstool-NG esp-2020r3) version 8.4.0 (xtensa-esp32-elf)]
  ignore line: [	compiled by GNU C version 4.9.2  GMP version 6.1.2  MPFR version 4.0.1  MPC version 1.1.0  isl version isl-0.19-GMP]
  ignore line: []
  ignore line: [GGC heuristics: --param ggc-min-expand=100 --param ggc-min-heapsize=131072]
  ignore line: [ignoring duplicate directory "/root/.espressif/tools/xtensa-esp32-elf/esp-2020r3-8.4.0/xtensa-esp32-elf/bin/../lib/gcc/../../lib/gcc/xtensa-esp32-elf/8.4.0/../../../../xtensa-esp32-elf/include/c++/8.4.0"]
  ignore line: [ignoring duplicate directory "/root/.espressif/tools/xtensa-esp32-elf/esp-2020r3-8.4.0/xtensa-esp32-elf/bin/../lib/gcc/../../lib/gcc/xtensa-esp32-elf/8.4.0/../../../../xtensa-esp32-elf/include/c++/8.4.0/xtensa-esp32-elf/no-rtti"]
  ignore line: [ignoring duplicate directory "/root/.espressif/tools/xtensa-esp32-elf/esp-2020r3-8.4.0/xtensa-esp32-elf/bin/../lib/gcc/../../lib/gcc/xtensa-esp32-elf/8.4.0/../../../../xtensa-esp32-elf/include/c++/8.4.0/backward"]
  ignore line: [ignoring duplicate directory "/root/.espressif/tools/xtensa-esp32-elf/esp-2020r3-8.4.0/xtensa-esp32-elf/bin/../lib/gcc/../../lib/gcc/xtensa-esp32-elf/8.4.0/include"]
  ignore line: [ignoring duplicate directory "/root/.espressif/tools/xtensa-esp32-elf/esp-2020r3-8.4.0/xtensa-esp32-elf/bin/../lib/gcc/../../lib/gcc/xtensa-esp32-elf/8.4.0/include-fixed"]
  ignore line: [ignoring duplicate directory "/root/.espressif/tools/xtensa-esp32-elf/esp-2020r3-8.4.0/xtensa-esp32-elf/bin/../lib/gcc/../../lib/gcc/xtensa-esp32-elf/8.4.0/../../../../xtensa-esp32-elf/sys-include"]
  ignore line: [ignoring duplicate directory "/root/.espressif/tools/xtensa-esp32-elf/esp-2020r3-8.4.0/xtensa-esp32-elf/bin/../lib/gcc/../../lib/gcc/xtensa-esp32-elf/8.4.0/../../../../xtensa-esp32-elf/include"]
  ignore line: [#include "..." search starts here:]
  ignore line: [#include <...> search starts here:]
  ignore line: [ /root/.espressif/tools/xtensa-esp32-elf/esp-2020r3-8.4.0/xtensa-esp32-elf/bin/../lib/gcc/xtensa-esp32-elf/8.4.0/../../../../xtensa-esp32-elf/include/c++/8.4.0]
  ignore line: [ /root/.espressif/tools/xtensa-esp32-elf/esp-2020r3-8.4.0/xtensa-esp32-elf/bin/../lib/gcc/xtensa-esp32-elf/8.4.0/../../../../xtensa-esp32-elf/include/c++/8.4.0/xtensa-esp32-elf/no-rtti]
  ignore line: [ /root/.espressif/tools/xtensa-esp32-elf/esp-2020r3-8.4.0/xtensa-esp32-elf/bin/../lib/gcc/xtensa-esp32-elf/8.4.0/../../../../xtensa-esp32-elf/include/c++/8.4.0/backward]
  ignore line: [ /root/.espressif/tools/xtensa-esp32-elf/esp-2020r3-8.4.0/xtensa-esp32-elf/bin/../lib/gcc/xtensa-esp32-elf/8.4.0/include]
  ignore line: [ /root/.espressif/tools/xtensa-esp32-elf/esp-2020r3-8.4.0/xtensa-esp32-elf/bin/../lib/gcc/xtensa-esp32-elf/8.4.0/include-fixed]
  ignore line: [ /root/.espressif/tools/xtensa-esp32-elf/esp-2020r3-8.4.0/xtensa-esp32-elf/bin/../lib/gcc/xtensa-esp32-elf/8.4.0/../../../../xtensa-esp32-elf/sys-include]
  ignore line: [ /root/.espressif/tools/xtensa-esp32-elf/esp-2020r3-8.4.0/xtensa-esp32-elf/bin/../lib/gcc/xtensa-esp32-elf/8.4.0/../../../../xtensa-esp32-elf/include]
  ignore line: [End of search list.]
  ignore line: [GNU C++11 (crosstool-NG esp-2020r3) version 8.4.0 (xtensa-esp32-elf)]
  ignore line: [	compiled by GNU C version 4.9.2  GMP version 6.1.2  MPFR version 4.0.1  MPC version 1.1.0  isl version isl-0.19-GMP]
  ignore line: []
  ignore line: [GGC heuristics: --param ggc-min-expand=100 --param ggc-min-heapsize=131072]
  ignore line: [Compiler executable checksum: 8d3d7cf4a9615fb0943a530e8219815c]
  ignore line: [COLLECT_GCC_OPTIONS='-std=gnu++11' '-Og' '-ggdb' '-Wno-frame-address' '-ffunction-sections' '-fdata-sections' '-fstrict-volatile-bitfields' '-mlongcalls' '-nostdlib' '-Wall' '-Werror=all' '-Wno-error=unused-function' '-Wno-error=unused-but-set-variable' '-Wno-error=unused-variable' '-Wno-error=deprecated-declarations' '-Wextra' '-Wno-unused-parameter' '-Wno-sign-compare' '-fno-exceptions' '-fno-rtti' '-v' '-o' 'CMakeFiles/cmTC_1d388.dir/CMakeCXXCompilerABI.cpp.obj' '-c']
  ignore line: [ /root/.espressif/tools/xtensa-esp32-elf/esp-2020r3-8.4.0/xtensa-esp32-elf/bin/../lib/gcc/xtensa-esp32-elf/8.4.0/../../../../xtensa-esp32-elf/bin/as --traditional-format --longcalls -o CMakeFiles/cmTC_1d388.dir/CMakeCXXCompilerABI.cpp.obj /tmp/cckUaNda.s]
  ignore line: [COMPILER_PATH=/root/.espressif/tools/xtensa-esp32-elf/esp-2020r3-8.4.0/xtensa-esp32-elf/bin/../libexec/gcc/xtensa-esp32-elf/8.4.0/:/root/.espressif/tools/xtensa-esp32-elf/esp-2020r3-8.4.0/xtensa-esp32-elf/bin/../libexec/gcc/:/root/.espressif/tools/xtensa-esp32-elf/esp-2020r3-8.4.0/xtensa-esp32-elf/bin/../lib/gcc/xtensa-esp32-elf/8.4.0/../../../../xtensa-esp32-elf/bin/]
  ignore line: [LIBRARY_PATH=/root/.espressif/tools/xtensa-esp32-elf/esp-2020r3-8.4.0/xtensa-esp32-elf/bin/../lib/gcc/xtensa-esp32-elf/8.4.0/no-rtti/:/root/.espressif/tools/xtensa-esp32-elf/esp-2020r3-8.4.0/xtensa-esp32-elf/bin/../lib/gcc/xtensa-esp32-elf/8.4.0/../../../../xtensa-esp32-elf/lib/no-rtti/:/root/.espressif/tools/xtensa-esp32-elf/esp-2020r3-8.4.0/xtensa-esp32-elf/bin/../lib/gcc/xtensa-esp32-elf/8.4.0/:/root/.espressif/tools/xtensa-esp32-elf/esp-2020r3-8.4.0/xtensa-esp32-elf/bin/../lib/gcc/:/root/.espressif/tools/xtensa-esp32-elf/esp-2020r3-8.4.0/xtensa-esp32-elf/bin/../lib/gcc/xtensa-esp32-elf/8.4.0/../../../../xtensa-esp32-elf/lib/]
  ignore line: [COLLECT_GCC_OPTIONS='-std=gnu++11' '-Og' '-ggdb' '-Wno-frame-address' '-ffunction-sections' '-fdata-sections' '-fstrict-volatile-bitfields' '-mlongcalls' '-nostdlib' '-Wall' '-Werror=all' '-Wno-error=unused-function' '-Wno-error=unused-but-set-variable' '-Wno-error=unused-variable' '-Wno-error=deprecated-declarations' '-Wextra' '-Wno-unused-parameter' '-Wno-sign-compare' '-fno-exceptions' '-fno-rtti' '-v' '-o' 'CMakeFiles/cmTC_1d388.dir/CMakeCXXCompilerABI.cpp.obj' '-c']
  ignore line: [Linking CXX executable cmTC_1d388]
  ignore line: [/usr/bin/cmake -E cmake_link_script CMakeFiles/cmTC_1d388.dir/link.txt --verbose=1]
  ignore line: [/root/.espressif/tools/xtensa-esp32-elf/esp-2020r3-8.4.0/xtensa-esp32-elf/bin/xtensa-esp32-elf-c++  -std=gnu++11 -Og -ggdb -Wno-frame-address -ffunction-sections -fdata-sections -fstrict-volatile-bitfields -mlongcalls -nostdlib -Wall -Werror=all -Wno-error=unused-function -Wno-error=unused-but-set-variable -Wno-error=unused-variable -Wno-error=deprecated-declarations -Wextra -Wno-unused-parameter -Wno-sign-compare -fno-exceptions -fno-rtti    -v CMakeFiles/cmTC_1d388.dir/CMakeCXXCompilerABI.cpp.obj  -o cmTC_1d388 ]
  ignore line: [Using built-in specs.]
  ignore line: [COLLECT_GCC=/root/.espressif/tools/xtensa-esp32-elf/esp-2020r3-8.4.0/xtensa-esp32-elf/bin/xtensa-esp32-elf-c++]
  ignore line: [COLLECT_LTO_WRAPPER=/root/.espressif/tools/xtensa-esp32-elf/esp-2020r3-8.4.0/xtensa-esp32-elf/bin/../libexec/gcc/xtensa-esp32-elf/8.4.0/lto-wrapper]
  ignore line: [Target: xtensa-esp32-elf]
  ignore line: [Configured with: /builds/idf/crosstool-NG/.build/xtensa-esp32-elf/src/gcc/configure --build=x86_64-build_pc-linux-gnu --host=x86_64-build_pc-linux-gnu --target=xtensa-esp32-elf --prefix=/builds/idf/crosstool-NG/builds/xtensa-esp32-elf --with-local-prefix=/builds/idf/crosstool-NG/builds/xtensa-esp32-elf/xtensa-esp32-elf --with-headers=/builds/idf/crosstool-NG/builds/xtensa-esp32-elf/xtensa-esp32-elf/include --with-newlib --enable-threads=no --disable-shared --with-pkgversion='crosstool-NG esp-2020r3' --disable-__cxa_atexit --enable-cxx-flags=-ffunction-sections --disable-libgomp --disable-libmudflap --disable-libmpx --disable-libssp --disable-libquadmath --disable-libquadmath-support --with-gmp=/builds/idf/crosstool-NG/.build/xtensa-esp32-elf/buildtools --with-mpfr=/builds/idf/crosstool-NG/.build/xtensa-esp32-elf/buildtools --with-mpc=/builds/idf/crosstool-NG/.build/xtensa-esp32-elf/buildtools --with-isl=/builds/idf/crosstool-NG/.build/xtensa-esp32-elf/buildtools --enable-lto --enable-target-optspace --without-long-double-128 --disable-nls --enable-multiarch --enable-languages=c c++ --disable-libstdcxx-verbose --enable-threads=posix --enable-gcov-custom-rtio --enable-libstdcxx-time=yes]
  ignore line: [Thread model: posix]
  ignore line: [gcc version 8.4.0 (crosstool-NG esp-2020r3) ]
  ignore line: [COMPILER_PATH=/root/.espressif/tools/xtensa-esp32-elf/esp-2020r3-8.4.0/xtensa-esp32-elf/bin/../libexec/gcc/xtensa-esp32-elf/8.4.0/:/root/.espressif/tools/xtensa-esp32-elf/esp-2020r3-8.4.0/xtensa-esp32-elf/bin/../libexec/gcc/:/root/.espressif/tools/xtensa-esp32-elf/esp-2020r3-8.4.0/xtensa-esp32-elf/bin/../lib/gcc/xtensa-esp32-elf/8.4.0/../../../../xtensa-esp32-elf/bin/]
  ignore line: [LIBRARY_PATH=/root/.espressif/tools/xtensa-esp32-elf/esp-2020r3-8.4.0/xtensa-esp32-elf/bin/../lib/gcc/xtensa-esp32-elf/8.4.0/no-rtti/:/root/.espressif/tools/xtensa-esp32-elf/esp-2020r3-8.4.0/xtensa-esp32-elf/bin/../lib/gcc/xtensa-esp32-elf/8.4.0/../../../../xtensa-esp32-elf/lib/no-rtti/:/root/.espressif/tools/xtensa-esp32-elf/esp-2020r3-8.4.0/xtensa-esp32-elf/bin/../lib/gcc/xtensa-esp32-elf/8.4.0/:/root/.espressif/tools/xtensa-esp32-elf/esp-2020r3-8.4.0/xtensa-esp32-elf/bin/../lib/gcc/:/root/.espressif/tools/xtensa-esp32-elf/esp-2020r3-8.4.0/xtensa-esp32-elf/bin/../lib/gcc/xtensa-esp32-elf/8.4.0/../../../../xtensa-esp32-elf/lib/]
  ignore line: [COLLECT_GCC_OPTIONS='-std=gnu++11' '-Og' '-ggdb' '-Wno-frame-address' '-ffunction-sections' '-fdata-sections' '-fstrict-volatile-bitfields' '-mlongcalls' '-nostdlib' '-Wall' '-Werror=all' '-Wno-error=unused-function' '-Wno-error=unused-but-set-variable' '-Wno-error=unused-variable' '-Wno-error=deprecated-declarations' '-Wextra' '-Wno-unused-parameter' '-Wno-sign-compare' '-fno-exceptions' '-fno-rtti' '-v' '-o' 'cmTC_1d388']
  link line: [ /root/.espressif/tools/xtensa-esp32-elf/esp-2020r3-8.4.0/xtensa-esp32-elf/bin/../libexec/gcc/xtensa-esp32-elf/8.4.0/collect2 -plugin /root/.espressif/tools/xtensa-esp32-elf/esp-2020r3-8.4.0/xtensa-esp32-elf/bin/../libexec/gcc/xtensa-esp32-elf/8.4.0/liblto_plugin.so -plugin-opt=/root/.espressif/tools/xtensa-esp32-elf/esp-2020r3-8.4.0/xtensa-esp32-elf/bin/../libexec/gcc/xtensa-esp32-elf/8.4.0/lto-wrapper -plugin-opt=-fresolution=/tmp/ccWY1RJD.res -o cmTC_1d388 -L/root/.espressif/tools/xtensa-esp32-elf/esp-2020r3-8.4.0/xtensa-esp32-elf/bin/../lib/gcc/xtensa-esp32-elf/8.4.0/no-rtti -L/root/.espressif/tools/xtensa-esp32-elf/esp-2020r3-8.4.0/xtensa-esp32-elf/bin/../lib/gcc/xtensa-esp32-elf/8.4.0/../../../../xtensa-esp32-elf/lib/no-rtti -L/root/.espressif/tools/xtensa-esp32-elf/esp-2020r3-8.4.0/xtensa-esp32-elf/bin/../lib/gcc/xtensa-esp32-elf/8.4.0 -L/root/.espressif/tools/xtensa-esp32-elf/esp-2020r3-8.4.0/xtensa-esp32-elf/bin/../lib/gcc -L/root/.espressif/tools/xtensa-esp32-elf/esp-2020r3-8.4.0/xtensa-esp32-elf/bin/../lib/gcc/xtensa-esp32-elf/8.4.0/../../../../xtensa-esp32-elf/lib CMakeFiles/cmTC_1d388.dir/CMakeCXXCompilerABI.cpp.obj]
    arg [/root/.espressif/tools/xtensa-esp32-elf/esp-2020r3-8.4.0/xtensa-esp32-elf/bin/../libexec/gcc/xtensa-esp32-elf/8.4.0/collect2] ==> ignore
    arg [-plugin] ==> ignore
    arg [/root/.espressif/tools/xtensa-esp32-elf/esp-2020r3-8.4.0/xtensa-esp32-elf/bin/../libexec/gcc/xtensa-esp32-elf/8.4.0/liblto_plugin.so] ==> ignore
    arg [-plugin-opt=/root/.espressif/tools/xtensa-esp32-elf/esp-2020r3-8.4.0/xtensa-esp32-elf/bin/../libexec/gcc/xtensa-esp32-elf/8.4.0/lto-wrapper] ==> ignore
    arg [-plugin-opt=-fresolution=/tmp/ccWY1RJD.res] ==> ignore
    arg [-o] ==> ignore
    arg [cmTC_1d388] ==> ignore
    arg [-L/root/.espressif/tools/xtensa-esp32-elf/esp-2020r3-8.4.0/xtensa-esp32-elf/bin/../lib/gcc/xtensa-esp32-elf/8.4.0/no-rtti] ==> dir [/root/.espressif/tools/xtensa-esp32-elf/esp-2020r3-8.4.0/xtensa-esp32-elf/bin/../lib/gcc/xtensa-esp32-elf/8.4.0/no-rtti]
    arg [-L/root/.espressif/tools/xtensa-esp32-elf/esp-2020r3-8.4.0/xtensa-esp32-elf/bin/../lib/gcc/xtensa-esp32-elf/8.4.0/../../../../xtensa-esp32-elf/lib/no-rtti] ==> dir [/root/.espressif/tools/xtensa-esp32-elf/esp-2020r3-8.4.0/xtensa-esp32-elf/bin/../lib/gcc/xtensa-esp32-elf/8.4.0/../../../../xtensa-esp32-elf/lib/no-rtti]
    arg [-L/root/.espressif/tools/xtensa-esp32-elf/esp-2020r3-8.4.0/xtensa-esp32-elf/bin/../lib/gcc/xtensa-esp32-elf/8.4.0] ==> dir [/root/.espressif/tools/xtensa-esp32-elf/esp-2020r3-8.4.0/xtensa-esp32-elf/bin/../lib/gcc/xtensa-esp32-elf/8.4.0]
    arg [-L/root/.espressif/tools/xtensa-esp32-elf/esp-2020r3-8.4.0/xtensa-esp32-elf/bin/../lib/gcc] ==> dir [/root/.espressif/tools/xtensa-esp32-elf/esp-2020r3-8.4.0/xtensa-esp32-elf/bin/../lib/gcc]
    arg [-L/root/.espressif/tools/xtensa-esp32-elf/esp-2020r3-8.4.0/xtensa-esp32-elf/bin/../lib/gcc/xtensa-esp32-elf/8.4.0/../../../../xtensa-esp32-elf/lib] ==> dir [/root/.espressif/tools/xtensa-esp32-elf/esp-2020r3-8.4.0/xtensa-esp32-elf/bin/../lib/gcc/xtensa-esp32-elf/8.4.0/../../../../xtensa-esp32-elf/lib]
    arg [CMakeFiles/cmTC_1d388.dir/CMakeCXXCompilerABI.cpp.obj] ==> ignore
  collapse library dir [/root/.espressif/tools/xtensa-esp32-elf/esp-2020r3-8.4.0/xtensa-esp32-elf/bin/../lib/gcc/xtensa-esp32-elf/8.4.0/no-rtti] ==> [/root/.espressif/tools/xtensa-esp32-elf/esp-2020r3-8.4.0/xtensa-esp32-elf/lib/gcc/xtensa-esp32-elf/8.4.0/no-rtti]
  collapse library dir [/root/.espressif/tools/xtensa-esp32-elf/esp-2020r3-8.4.0/xtensa-esp32-elf/bin/../lib/gcc/xtensa-esp32-elf/8.4.0/../../../../xtensa-esp32-elf/lib/no-rtti] ==> [/root/.espressif/tools/xtensa-esp32-elf/esp-2020r3-8.4.0/xtensa-esp32-elf/xtensa-esp32-elf/lib/no-rtti]
  collapse library dir [/root/.espressif/tools/xtensa-esp32-elf/esp-2020r3-8.4.0/xtensa-esp32-elf/bin/../lib/gcc/xtensa-esp32-elf/8.4.0] ==> [/root/.espressif/tools/xtensa-esp32-elf/esp-2020r3-8.4.0/xtensa-esp32-elf/lib/gcc/xtensa-esp32-elf/8.4.0]
  collapse library dir [/root/.espressif/tools/xtensa-esp32-elf/esp-2020r3-8.4.0/xtensa-esp32-elf/bin/../lib/gcc] ==> [/root/.espressif/tools/xtensa-esp32-elf/esp-2020r3-8.4.0/xtensa-esp32-elf/lib/gcc]
  collapse library dir [/root/.espressif/tools/xtensa-esp32-elf/esp-2020r3-8.4.0/xtensa-esp32-elf/bin/../lib/gcc/xtensa-esp32-elf/8.4.0/../../../../xtensa-esp32-elf/lib] ==> [/root/.espressif/tools/xtensa-esp32-elf/esp-2020r3-8.4.0/xtensa-esp32-elf/xtensa-esp32-elf/lib]
  implicit libs: []
  implicit dirs: [/root/.espressif/tools/xtensa-esp32-elf/esp-2020r3-8.4.0/xtensa-esp32-elf/lib/gcc/xtensa-esp32-elf/8.4.0/no-rtti;/root/.espressif/tools/xtensa-esp32-elf/esp-2020r3-8.4.0/xtensa-esp32-elf/xtensa-esp32-elf/lib/no-rtti;/root/.espressif/tools/xtensa-esp32-elf/esp-2020r3-8.4.0/xtensa-esp32-elf/lib/gcc/xtensa-esp32-elf/8.4.0;/root/.espressif/tools/xtensa-esp32-elf/esp-2020r3-8.4.0/xtensa-esp32-elf/lib/gcc;/root/.espressif/tools/xtensa-esp32-elf/esp-2020r3-8.4.0/xtensa-esp32-elf/xtensa-esp32-elf/lib]
  implicit fwks: []


